[17/Apr/2014 16:17:40] INFO [ozio.ozioUtils:57] Handling uploaded file:Ed_SmartAccess_2013-03-07.csv id: 2
[17/Apr/2014 16:17:40] INFO [ozio.ozioUtils:92] Processing: 07/03/2014,"-10.40","SYDNEY TRAINS WESTME4072 WESTMEAD","+533.38"
[17/Apr/2014 16:17:40] DEBUG [ozio.ozioUtils:71] Handling transaction: ['2014-03-07', '-10.40', 'SYDNEY TRAINS WESTME4072 WESTMEAD', 'SYDNEY TRAINS WESTME4072 WESTMEAD Balance:+533.38\r']
[17/Apr/2014 16:17:40] DEBUG [ozio.ozioUtils:76] Duplicated, skipping transaction.
[17/Apr/2014 16:17:40] INFO [ozio.ozioUtils:92] Processing: 07/03/2014,"-40.00","TELSTRA ONLINE MELBOURNE VI AUS Card xx1940 Value Date: 05/03/2014","+543.78"
[17/Apr/2014 16:17:40] DEBUG [ozio.ozioUtils:71] Handling transaction: ['2014-03-05', '-40.00', 'TELSTRA ONLINE MELBOURNE VI AUS CARD XX1940 ', 'TELSTRA ONLINE MELBOURNE VI AUS Card xx1940 Value Date: 05/03/2014 Balance:+543.78\r']
[17/Apr/2014 16:17:40] DEBUG [ozio.ozioUtils:76] Duplicated, skipping transaction.
[17/Apr/2014 16:17:40] INFO [ozio.ozioUtils:92] Processing: 07/03/2014,"-35.84","COLES PARRAMATTA0896 PARRAMATTA NS AUS Card xx1940 Value Date: 05/03/2014","+583.78"
[17/Apr/2014 16:17:40] DEBUG [ozio.ozioUtils:71] Handling transaction: ['2014-03-05', '-35.84', 'COLES PARRAMATTA0896 PARRAMATTA NS AUS CARD XX1940 ', 'COLES PARRAMATTA0896 PARRAMATTA NS AUS Card xx1940 Value Date: 05/03/2014 Balance:+583.78\r']
[17/Apr/2014 16:17:40] DEBUG [ozio.ozioUtils:76] Duplicated, skipping transaction.
[17/Apr/2014 16:17:40] INFO [ozio.ozioUtils:92] Processing: 06/03/2014,"-8.95","SUBWAY SANDWICHES 1      SYDNEY    NSWAU","+619.62"
[17/Apr/2014 16:17:40] DEBUG [ozio.ozioUtils:71] Handling transaction: ['2014-03-06', '-8.95', 'SUBWAY SANDWICHES 1 SYDNEY NSWAU', 'SUBWAY SANDWICHES 1      SYDNEY    NSWAU Balance:+619.62\r']
[17/Apr/2014 16:17:40] DEBUG [ozio.ozioUtils:76] Duplicated, skipping transaction.
[17/Apr/2014 16:17:40] INFO [ozio.ozioUtils:92] Processing: 06/03/2014,"-10.40","SYDNEY TRAINS WESTME4072 WESTMEAD","+628.57"
[17/Apr/2014 16:17:40] DEBUG [ozio.ozioUtils:71] Handling transaction: ['2014-03-06', '-10.40', 'SYDNEY TRAINS WESTME4072 WESTMEAD', 'SYDNEY TRAINS WESTME4072 WESTMEAD Balance:+628.57\r']
[17/Apr/2014 16:17:40] DEBUG [ozio.ozioUtils:76] Duplicated, skipping transaction.
[17/Apr/2014 16:17:40] INFO [ozio.ozioUtils:92] Processing: 06/03/2014,"-1400.00","Transfer to xx4986 CommBank app","+638.97"
[17/Apr/2014 16:17:40] DEBUG [ozio.ozioUtils:71] Handling transaction: ['2014-03-06', '-1400.00', 'TRANSFER TO XX4986 COMMBANK APP', 'Transfer to xx4986 CommBank app Balance:+638.97\r']
[17/Apr/2014 16:17:40] DEBUG [ozio.ozioUtils:76] Duplicated, skipping transaction.
[17/Apr/2014 16:17:40] INFO [ozio.ozioUtils:92] Processing: 05/03/2014,"-11.20","DAISO INDUSTRIES (AU     PARRAMATTA   NS","+2038.97"
[17/Apr/2014 16:17:40] DEBUG [ozio.ozioUtils:71] Handling transaction: ['2014-03-05', '-11.20', 'DAISO INDUSTRIES (AU PARRAMATTA NS', 'DAISO INDUSTRIES (AU     PARRAMATTA   NS Balance:+2038.97\r']
[17/Apr/2014 16:17:40] DEBUG [ozio.ozioUtils:76] Duplicated, skipping transaction.
[17/Apr/2014 16:17:40] INFO [ozio.ozioUtils:92] Processing: 05/03/2014,"-78.20","COLES PARRAMATTA0896 PARRAMATTA NS AUS Card xx1940 Value Date: 01/03/2014","+2050.17"
[17/Apr/2014 16:17:40] DEBUG [ozio.ozioUtils:71] Handling transaction: ['2014-03-01', '-78.20', 'COLES PARRAMATTA0896 PARRAMATTA NS AUS CARD XX1940 ', 'COLES PARRAMATTA0896 PARRAMATTA NS AUS Card xx1940 Value Date: 01/03/2014 Balance:+2050.17\r']
[17/Apr/2014 16:17:40] DEBUG [ozio.ozioUtils:76] Duplicated, skipping transaction.
[17/Apr/2014 16:17:40] INFO [ozio.ozioUtils:92] Processing: 05/03/2014,"-6.95","PAYPAL *SEGCOMPUTER 4029357733 AU AUS Card xx1940 Value Date: 01/03/2014","+2128.37"
[17/Apr/2014 16:17:40] DEBUG [ozio.ozioUtils:71] Handling transaction: ['2014-03-01', '-6.95', 'PAYPAL *SEGCOMPUTER 4029357733 AU AUS CARD XX1940 ', 'PAYPAL *SEGCOMPUTER 4029357733 AU AUS Card xx1940 Value Date: 01/03/2014 Balance:+2128.37\r']
[17/Apr/2014 16:17:40] DEBUG [ozio.ozioUtils:76] Duplicated, skipping transaction.
[17/Apr/2014 16:17:40] INFO [ozio.ozioUtils:92] Processing: 05/03/2014,"-10.00","KMART PARRAMATTA NS AUS Card xx1940 Value Date: 01/03/2014","+2135.32"
[17/Apr/2014 16:17:40] DEBUG [ozio.ozioUtils:71] Handling transaction: ['2014-03-01', '-10.00', 'KMART PARRAMATTA NS AUS CARD XX1940 ', 'KMART PARRAMATTA NS AUS Card xx1940 Value Date: 01/03/2014 Balance:+2135.32\r']
[17/Apr/2014 16:17:40] DEBUG [ozio.ozioUtils:76] Duplicated, skipping transaction.
[17/Apr/2014 16:17:40] INFO [ozio.ozioUtils:92] Processing: 05/03/2014,"-57.00","TARGET 144 PARRAMATTA NS AUS Card xx1940 Value Date: 01/03/2014","+2145.32"
[17/Apr/2014 16:17:40] DEBUG [ozio.ozioUtils:71] Handling transaction: ['2014-03-01', '-57.00', 'TARGET 144 PARRAMATTA NS AUS CARD XX1940 ', 'TARGET 144 PARRAMATTA NS AUS Card xx1940 Value Date: 01/03/2014 Balance:+2145.32\r']
[17/Apr/2014 16:17:40] DEBUG [ozio.ozioUtils:76] Duplicated, skipping transaction.
[17/Apr/2014 16:17:40] INFO [ozio.ozioUtils:92] Processing: 05/03/2014,"-67.88","COLES PARRAMATTA0896 PARRAMATTA NS AUS Card xx1940 Value Date: 03/03/2014","+2202.32"
[17/Apr/2014 16:17:40] DEBUG [ozio.ozioUtils:71] Handling transaction: ['2014-03-03', '-67.88', 'COLES PARRAMATTA0896 PARRAMATTA NS AUS CARD XX1940 ', 'COLES PARRAMATTA0896 PARRAMATTA NS AUS Card xx1940 Value Date: 03/03/2014 Balance:+2202.32\r']
[17/Apr/2014 16:17:40] DEBUG [ozio.ozioUtils:76] Duplicated, skipping transaction.
[17/Apr/2014 16:17:40] INFO [ozio.ozioUtils:92] Processing: 05/03/2014,"-9.95","PAYPAL *FUNGCALVIN 4029357733 AU AUS Card xx1940 Value Date: 01/03/2014","+2270.20"
[17/Apr/2014 16:17:40] DEBUG [ozio.ozioUtils:71] Handling transaction: ['2014-03-01', '-9.95', 'PAYPAL *FUNGCALVIN 4029357733 AU AUS CARD XX1940 ', 'PAYPAL *FUNGCALVIN 4029357733 AU AUS Card xx1940 Value Date: 01/03/2014 Balance:+2270.20\r']
[17/Apr/2014 16:17:40] DEBUG [ozio.ozioUtils:76] Duplicated, skipping transaction.
[17/Apr/2014 16:17:40] INFO [ozio.ozioUtils:92] Processing: 05/03/2014,"-22.00","TARGET 144 PARRAMATTA NS AUS Card xx1940 Value Date: 03/03/2014","+2280.15"
[17/Apr/2014 16:17:40] DEBUG [ozio.ozioUtils:71] Handling transaction: ['2014-03-03', '-22.00', 'TARGET 144 PARRAMATTA NS AUS CARD XX1940 ', 'TARGET 144 PARRAMATTA NS AUS Card xx1940 Value Date: 03/03/2014 Balance:+2280.15\r']
[17/Apr/2014 16:17:40] DEBUG [ozio.ozioUtils:76] Duplicated, skipping transaction.
[17/Apr/2014 16:17:40] INFO [ozio.ozioUtils:92] Processing: 04/03/2014,"-3.98","WOOLWORTHS W1106 PARRAMATTA  AUS Card xx1940 Value Date: 01/03/2014","+2302.15"
[17/Apr/2014 16:17:40] DEBUG [ozio.ozioUtils:71] Handling transaction: ['2014-03-01', '-3.98', 'WOOLWORTHS W1106 PARRAMATTA AUS CARD XX1940 ', 'WOOLWORTHS W1106 PARRAMATTA  AUS Card xx1940 Value Date: 01/03/2014 Balance:+2302.15\r']
[17/Apr/2014 16:17:40] DEBUG [ozio.ozioUtils:76] Duplicated, skipping transaction.
[17/Apr/2014 16:17:40] INFO [ozio.ozioUtils:92] Processing: 04/03/2014,"-15.82","TONG LI SUPERMARKETQPS PARRAMATTA  AUS Card xx1940 Value Date: 03/03/2014","+2306.13"
[17/Apr/2014 16:17:40] DEBUG [ozio.ozioUtils:71] Handling transaction: ['2014-03-03', '-15.82', 'TONG LI SUPERMARKETQPS PARRAMATTA AUS CARD XX1940 ', 'TONG LI SUPERMARKETQPS PARRAMATTA  AUS Card xx1940 Value Date: 03/03/2014 Balance:+2306.13\r']
[17/Apr/2014 16:17:40] DEBUG [ozio.ozioUtils:76] Duplicated, skipping transaction.
[17/Apr/2014 16:17:40] INFO [ozio.ozioUtils:92] Processing: 04/03/2014,"-13.95","TONG LI SUPERMARKETQPS PARRAMATTA  AUS Card xx1940 Value Date: 03/03/2014","+2321.95"
[17/Apr/2014 16:17:40] DEBUG [ozio.ozioUtils:71] Handling transaction: ['2014-03-03', '-13.95', 'TONG LI SUPERMARKETQPS PARRAMATTA AUS CARD XX1940 ', 'TONG LI SUPERMARKETQPS PARRAMATTA  AUS Card xx1940 Value Date: 03/03/2014 Balance:+2321.95\r']
[17/Apr/2014 16:17:40] INFO [ozio.ozioUtils:92] Processing: 03/03/2014,"+2000.00","Transfer from SHUQIN ZENG NetBank for pigpig","+2335.90"
[17/Apr/2014 16:17:40] DEBUG [ozio.ozioUtils:71] Handling transaction: ['2014-03-03', '+2000.00', 'TRANSFER FROM SHUQIN ZENG NETBANK FOR PIGPIG', 'Transfer from SHUQIN ZENG NetBank for pigpig Balance:+2335.90\r']
[17/Apr/2014 16:17:40] INFO [ozio.ozioUtils:92] Processing: 01/03/2014,"-58.93","MR LIQUOR PARRAMATTA0001 PARRAMATTA","+335.90"
[17/Apr/2014 16:17:40] DEBUG [ozio.ozioUtils:71] Handling transaction: ['2014-03-01', '-58.93', 'MR LIQUOR PARRAMATTA0001 PARRAMATTA', 'MR LIQUOR PARRAMATTA0001 PARRAMATTA Balance:+335.90\r']
[17/Apr/2014 16:17:40] INFO [ozio.ozioUtils:92] Processing: 01/03/2014,"+200.66","Transfer from xx4986 CommBank app","+394.83"
[17/Apr/2014 16:17:40] DEBUG [ozio.ozioUtils:71] Handling transaction: ['2014-03-01', '+200.66', 'TRANSFER FROM XX4986 COMMBANK APP', 'Transfer from xx4986 CommBank app Balance:+394.83\r']
[17/Apr/2014 16:17:40] INFO [ozio.ozioUtils:92] Processing: 01/03/2014,"+0.02","Credit Interest","+194.17"
[17/Apr/2014 16:17:40] DEBUG [ozio.ozioUtils:71] Handling transaction: ['2014-03-01', '+0.02', 'CREDIT INTEREST', 'Credit Interest Balance:+194.17\r']
[17/Apr/2014 16:17:40] INFO [ozio.ozioUtils:92] Processing: 28/02/2014,"-25.00","KMART PARRAMATTA NS AUS Card xx1940 Value Date: 26/02/2014","+194.15"
[17/Apr/2014 16:17:40] DEBUG [ozio.ozioUtils:71] Handling transaction: ['2014-02-26', '-25.00', 'KMART PARRAMATTA NS AUS CARD XX1940 ', 'KMART PARRAMATTA NS AUS Card xx1940 Value Date: 26/02/2014 Balance:+194.15\r']
[17/Apr/2014 16:17:40] INFO [ozio.ozioUtils:92] Processing: 28/02/2014,"-54.72","COLES PARRAMATTA0896 PARRAMATTA NS AUS Card xx1940 Value Date: 26/02/2014","+219.15"
[17/Apr/2014 16:17:40] DEBUG [ozio.ozioUtils:71] Handling transaction: ['2014-02-26', '-54.72', 'COLES PARRAMATTA0896 PARRAMATTA NS AUS CARD XX1940 ', 'COLES PARRAMATTA0896 PARRAMATTA NS AUS Card xx1940 Value Date: 26/02/2014 Balance:+219.15\r']
[17/Apr/2014 16:17:40] INFO [ozio.ozioUtils:92] Processing: 28/02/2014,"-21.40","BUNNINGS 598000    QPS NORTHMEAD  AUS Card xx1940 Value Date: 27/02/2014","+273.87"
[17/Apr/2014 16:17:40] DEBUG [ozio.ozioUtils:71] Handling transaction: ['2014-02-27', '-21.40', 'BUNNINGS 598000 QPS NORTHMEAD AUS CARD XX1940 ', 'BUNNINGS 598000    QPS NORTHMEAD  AUS Card xx1940 Value Date: 27/02/2014 Balance:+273.87\r']
[17/Apr/2014 16:17:40] INFO [ozio.ozioUtils:92] Processing: 27/02/2014,"+200.00","Transfer from xx4986 CommBank app","+295.27"
[17/Apr/2014 16:17:40] DEBUG [ozio.ozioUtils:71] Handling transaction: ['2014-02-27', '+200.00', 'TRANSFER FROM XX4986 COMMBANK APP', 'Transfer from xx4986 CommBank app Balance:+295.27\r']
[17/Apr/2014 16:17:40] INFO [ozio.ozioUtils:92] Processing: 27/02/2014,"-9.49","COUNTRY GROWERS K509 PARRAMATTA  AUS Card xx1940 Value Date: 26/02/2014","+95.27"
[17/Apr/2014 16:17:40] DEBUG [ozio.ozioUtils:71] Handling transaction: ['2014-02-26', '-9.49', 'COUNTRY GROWERS K509 PARRAMATTA AUS CARD XX1940 ', 'COUNTRY GROWERS K509 PARRAMATTA  AUS Card xx1940 Value Date: 26/02/2014 Balance:+95.27\r']
[17/Apr/2014 16:17:40] INFO [ozio.ozioUtils:92] Processing: 26/02/2014,"-17.98","MR LIQUOR PARRAMATTA0001 PARRAMATTA","+104.76"
[17/Apr/2014 16:17:40] DEBUG [ozio.ozioUtils:71] Handling transaction: ['2014-02-26', '-17.98', 'MR LIQUOR PARRAMATTA0001 PARRAMATTA', 'MR LIQUOR PARRAMATTA0001 PARRAMATTA Balance:+104.76\r']
[17/Apr/2014 16:17:40] INFO [ozio.ozioUtils:92] Processing: 26/02/2014,"-31.00","KMART  PARRAMATTA        NSW          AU","+122.74"
[17/Apr/2014 16:17:40] DEBUG [ozio.ozioUtils:71] Handling transaction: ['2014-02-26', '-31.00', 'KMART PARRAMATTA NSW AU', 'KMART  PARRAMATTA        NSW          AU Balance:+122.74\r']
[17/Apr/2014 16:17:40] INFO [ozio.ozioUtils:92] Processing: 25/02/2014,"-200.00","Transfer to CBA A/c NetBank Cash Out 200","+153.74"
[17/Apr/2014 16:17:40] DEBUG [ozio.ozioUtils:71] Handling transaction: ['2014-02-25', '-200.00', 'TRANSFER TO CBA A/C NETBANK CASH OUT 200', 'Transfer to CBA A/c NetBank Cash Out 200 Balance:+153.74\r']
[17/Apr/2014 16:17:40] INFO [ozio.ozioUtils:92] Processing: 25/02/2014,"+200.00","Transfer from xx4986 NetBank","+353.74"
[17/Apr/2014 16:17:40] DEBUG [ozio.ozioUtils:71] Handling transaction: ['2014-02-25', '+200.00', 'TRANSFER FROM XX4986 NETBANK', 'Transfer from xx4986 NetBank Balance:+353.74\r']
[17/Apr/2014 16:17:40] INFO [ozio.ozioUtils:92] Processing: 23/02/2014,"-300.00","Transfer to xx4986 CommBank app","+153.74"
[17/Apr/2014 16:17:40] DEBUG [ozio.ozioUtils:71] Handling transaction: ['2014-02-23', '-300.00', 'TRANSFER TO XX4986 COMMBANK APP', 'Transfer to xx4986 CommBank app Balance:+153.74\r']
[17/Apr/2014 16:17:40] INFO [ozio.ozioUtils:92] Processing: 22/02/2014,"+400.00","Transfer from SHUQIN ZENG NetBank nothing","+453.74"
[17/Apr/2014 16:17:40] DEBUG [ozio.ozioUtils:71] Handling transaction: ['2014-02-22', '+400.00', 'TRANSFER FROM SHUQIN ZENG NETBANK NOTHING', 'Transfer from SHUQIN ZENG NetBank nothing Balance:+453.74\r']
[17/Apr/2014 16:17:40] INFO [ozio.ozioUtils:92] Processing: 21/02/2014,"-65.74","WOOLWORTHS      1332 BURWOOD NSW      AU Cash Out $50.00 Purchase $15.74","+53.74"
[17/Apr/2014 16:17:40] DEBUG [ozio.ozioUtils:71] Handling transaction: ['2014-02-21', '-50.00', 'CASH OUT', 'WOOLWORTHS      1332 BURWOOD NSW      AU Cash Out $50.00 Purchase $15.74 Balance:+53.74\r:Split']
[17/Apr/2014 16:17:40] DEBUG [ozio.ozioUtils:71] Handling transaction: ['2014-02-21', '-15.74', 'WOOLWORTHS 1332 BURWOOD NSW AU ', 'WOOLWORTHS      1332 BURWOOD NSW      AU Cash Out $50.00 Purchase $15.74 Balance:+53.74\r']
[17/Apr/2014 16:17:40] INFO [ozio.ozioUtils:92] Processing: 21/02/2014,"+100.00","Transfer from xx4986 CommBank app","+119.48"
[17/Apr/2014 16:17:40] DEBUG [ozio.ozioUtils:71] Handling transaction: ['2014-02-21', '+100.00', 'TRANSFER FROM XX4986 COMMBANK APP', 'Transfer from xx4986 CommBank app Balance:+119.48\r']
[17/Apr/2014 16:17:40] INFO [ozio.ozioUtils:92] Processing: 21/02/2014,"-18.40","HANDYWAY RAIL CORPO 4297 BURWOOD","+19.48"
[17/Apr/2014 16:17:40] DEBUG [ozio.ozioUtils:71] Handling transaction: ['2014-02-21', '-18.40', 'HANDYWAY RAIL CORPO 4297 BURWOOD', 'HANDYWAY RAIL CORPO 4297 BURWOOD Balance:+19.48\r']
[17/Apr/2014 16:17:40] INFO [ozio.ozioUtils:92] Processing: 21/02/2014,"-270.00","Transfer to xx4986 CommBank app","+37.88"
[17/Apr/2014 16:17:40] DEBUG [ozio.ozioUtils:71] Handling transaction: ['2014-02-21', '-270.00', 'TRANSFER TO XX4986 COMMBANK APP', 'Transfer to xx4986 CommBank app Balance:+37.88\r']
[17/Apr/2014 16:17:40] INFO [ozio.ozioUtils:92] Processing: 21/02/2014,"-30.00","VODAFONE NORTH SYDNEY NS AUS Card xx1940 Value Date: 19/02/2014","+307.88"
[17/Apr/2014 16:17:40] DEBUG [ozio.ozioUtils:71] Handling transaction: ['2014-02-19', '-30.00', 'VODAFONE NORTH SYDNEY NS AUS CARD XX1940 ', 'VODAFONE NORTH SYDNEY NS AUS Card xx1940 Value Date: 19/02/2014 Balance:+307.88\r']
[17/Apr/2014 16:17:40] INFO [ozio.ozioUtils:92] Processing: 20/02/2014,"-150.00","Wdl ATM CBA ATM  W/F BURWOOD 3  NSW 231994   AUS","+337.88"
[17/Apr/2014 16:17:40] DEBUG [ozio.ozioUtils:71] Handling transaction: ['2014-02-20', '-150.00', 'WDL ATM CBA ATM W/F BURWOOD 3 NSW 231994 AUS', 'Wdl ATM CBA ATM  W/F BURWOOD 3  NSW 231994   AUS Balance:+337.88\r']
[17/Apr/2014 16:17:40] INFO [ozio.ozioUtils:92] Processing: 20/02/2014,"-68.51","COLES  BURWOOD           NSW          AU Cash Out $40.00 Purchase $28.51","+487.88"
[17/Apr/2014 16:17:40] DEBUG [ozio.ozioUtils:71] Handling transaction: ['2014-02-20', '-40.00', 'CASH OUT', 'COLES  BURWOOD           NSW          AU Cash Out $40.00 Purchase $28.51 Balance:+487.88\r:Split']
[17/Apr/2014 16:17:40] DEBUG [ozio.ozioUtils:71] Handling transaction: ['2014-02-20', '-28.51', 'COLES BURWOOD NSW AU ', 'COLES  BURWOOD           NSW          AU Cash Out $40.00 Purchase $28.51 Balance:+487.88\r']
[17/Apr/2014 16:17:40] INFO [ozio.ozioUtils:92] Processing: 19/02/2014,"+500.00","Transfer from SHUQIN ZENG NetBank 500","+556.39"
[17/Apr/2014 16:17:40] DEBUG [ozio.ozioUtils:71] Handling transaction: ['2014-02-19', '+500.00', 'TRANSFER FROM SHUQIN ZENG NETBANK 500', 'Transfer from SHUQIN ZENG NetBank 500 Balance:+556.39\r']
[17/Apr/2014 16:17:40] INFO [ozio.ozioUtils:92] Processing: 19/02/2014,"+40.00","Transfer from xx4986 CommBank app","+56.39"
[17/Apr/2014 16:17:40] DEBUG [ozio.ozioUtils:71] Handling transaction: ['2014-02-19', '+40.00', 'TRANSFER FROM XX4986 COMMBANK APP', 'Transfer from xx4986 CommBank app Balance:+56.39\r']
[17/Apr/2014 16:17:40] INFO [ozio.ozioUtils:92] Processing: 15/02/2014,"-10.05","COLES  BURWOOD           NSW          AU","+16.39"
[17/Apr/2014 16:17:40] DEBUG [ozio.ozioUtils:71] Handling transaction: ['2014-02-15', '-10.05', 'COLES BURWOOD NSW AU', 'COLES  BURWOOD           NSW          AU Balance:+16.39\r']
[17/Apr/2014 16:17:40] INFO [ozio.ozioUtils:92] Processing: 15/02/2014,"-8.00","KMART  BURWOOD           NSW          AU","+26.44"
[17/Apr/2014 16:17:40] DEBUG [ozio.ozioUtils:71] Handling transaction: ['2014-02-15', '-8.00', 'KMART BURWOOD NSW AU', 'KMART  BURWOOD           NSW          AU Balance:+26.44\r']
[17/Apr/2014 16:17:40] INFO [ozio.ozioUtils:92] Processing: 09/02/2014,"-170.00","Transfer to xx4986 NetBank nothing","+34.44"
[17/Apr/2014 16:17:40] DEBUG [ozio.ozioUtils:71] Handling transaction: ['2014-02-09', '-170.00', 'TRANSFER TO XX4986 NETBANK NOTHING', 'Transfer to xx4986 NetBank nothing Balance:+34.44\r']
[17/Apr/2014 16:17:40] INFO [ozio.ozioUtils:92] Processing: 09/02/2014,"-800.00","Transfer to CBA A/c NetBank 20daysMinus100bond rent fee","+204.44"
[17/Apr/2014 16:17:40] DEBUG [ozio.ozioUtils:71] Handling transaction: ['2014-02-09', '-800.00', 'TRANSFER TO CBA A/C NETBANK 20DAYSMINUS100BOND RENT FEE', 'Transfer to CBA A/c NetBank 20daysMinus100bond rent fee Balance:+204.44\r']
[17/Apr/2014 16:17:40] INFO [ozio.ozioUtils:92] Processing: 07/02/2014,"+800.00","Transfer from SHUQIN ZENG NetBank yu800","+904.44"
[17/Apr/2014 16:17:40] DEBUG [ozio.ozioUtils:71] Handling transaction: ['2014-02-07', '+800.00', 'TRANSFER FROM SHUQIN ZENG NETBANK YU800', 'Transfer from SHUQIN ZENG NetBank yu800 Balance:+904.44\r']
[17/Apr/2014 16:17:40] INFO [ozio.ozioUtils:92] Processing: 07/02/2014,"-166.00","325 RTA FIVE DOCK MOTOR RFIVE DOCK NSWAU","+104.44"
[17/Apr/2014 16:17:40] DEBUG [ozio.ozioUtils:71] Handling transaction: ['2014-02-07', '-166.00', '325 RTA FIVE DOCK MOTOR RFIVE DOCK NSWAU', '325 RTA FIVE DOCK MOTOR RFIVE DOCK NSWAU Balance:+104.44\r']
[17/Apr/2014 16:17:40] INFO [ozio.ozioUtils:92] Processing: 07/02/2014,"+222.84","Transfer from xx4986 CommBank app nn","+270.44"
[17/Apr/2014 16:17:40] DEBUG [ozio.ozioUtils:71] Handling transaction: ['2014-02-07', '+222.84', 'TRANSFER FROM XX4986 COMMBANK APP NN', 'Transfer from xx4986 CommBank app nn Balance:+270.44\r']
[17/Apr/2014 16:17:40] INFO [ozio.ozioUtils:92] Processing: 06/02/2014,"+30.00","Transfer from xx4986 CommBank app","+47.60"
[17/Apr/2014 16:17:40] DEBUG [ozio.ozioUtils:71] Handling transaction: ['2014-02-06', '+30.00', 'TRANSFER FROM XX4986 COMMBANK APP', 'Transfer from xx4986 CommBank app Balance:+47.60\r']
[17/Apr/2014 16:17:40] INFO [ozio.ozioUtils:92] Processing: 05/02/2014,"-12.40","HANDYWAY RAIL CORPO 4296 BURWOOD","+17.60"
[17/Apr/2014 16:17:40] DEBUG [ozio.ozioUtils:71] Handling transaction: ['2014-02-05', '-12.40', 'HANDYWAY RAIL CORPO 4296 BURWOOD', 'HANDYWAY RAIL CORPO 4296 BURWOOD Balance:+17.60\r']
[17/Apr/2014 16:17:40] INFO [ozio.ozioUtils:92] Processing: 03/02/2014,"-246.63","Transfer to xx4986 NetBank nothing","+30.00"
[17/Apr/2014 16:17:40] DEBUG [ozio.ozioUtils:71] Handling transaction: ['2014-02-03', '-246.63', 'TRANSFER TO XX4986 NETBANK NOTHING', 'Transfer to xx4986 NetBank nothing Balance:+30.00\r']
[17/Apr/2014 16:17:40] INFO [ozio.ozioUtils:92] Processing: 02/02/2014,"-115.41","COLES  BURWOOD           NSW          AU Cash Out $40.00 Purchase $75.41","+276.63"
[17/Apr/2014 16:17:40] DEBUG [ozio.ozioUtils:71] Handling transaction: ['2014-02-02', '-40.00', 'CASH OUT', 'COLES  BURWOOD           NSW          AU Cash Out $40.00 Purchase $75.41 Balance:+276.63\r:Split']
[17/Apr/2014 16:17:40] DEBUG [ozio.ozioUtils:71] Handling transaction: ['2014-02-02', '-75.41', 'COLES BURWOOD NSW AU ', 'COLES  BURWOOD           NSW          AU Cash Out $40.00 Purchase $75.41 Balance:+276.63\r']
[17/Apr/2014 16:17:40] INFO [ozio.ozioUtils:92] Processing: 01/02/2014,"-2.95","PAYPAL *SIMPLECOM 4029357733 AU AUS Card xx1940 Value Date: 28/01/2014","+392.04"
[17/Apr/2014 16:17:40] DEBUG [ozio.ozioUtils:71] Handling transaction: ['2014-01-28', '-2.95', 'PAYPAL *SIMPLECOM 4029357733 AU AUS CARD XX1940 ', 'PAYPAL *SIMPLECOM 4029357733 AU AUS Card xx1940 Value Date: 28/01/2014 Balance:+392.04\r']
[17/Apr/2014 16:17:40] INFO [ozio.ozioUtils:92] Processing: 31/01/2014,"-18.40","HANDYWAY RAIL CORPO 4296 BURWOOD","+394.99"
[17/Apr/2014 16:17:40] DEBUG [ozio.ozioUtils:71] Handling transaction: ['2014-01-31', '-18.40', 'HANDYWAY RAIL CORPO 4296 BURWOOD', 'HANDYWAY RAIL CORPO 4296 BURWOOD Balance:+394.99\r']
[17/Apr/2014 16:17:40] INFO [ozio.ozioUtils:92] Processing: 30/01/2014,"-22.16","COLES  BURWOOD           NSW          AU","+413.39"
[17/Apr/2014 16:17:40] DEBUG [ozio.ozioUtils:71] Handling transaction: ['2014-01-30', '-22.16', 'COLES BURWOOD NSW AU', 'COLES  BURWOOD           NSW          AU Balance:+413.39\r']
[17/Apr/2014 16:17:40] INFO [ozio.ozioUtils:92] Processing: 29/01/2014,"-11.02","COLES  BURWOOD           NSW          AU","+435.55"
[17/Apr/2014 16:17:40] DEBUG [ozio.ozioUtils:71] Handling transaction: ['2014-01-29', '-11.02', 'COLES BURWOOD NSW AU', 'COLES  BURWOOD           NSW          AU Balance:+435.55\r']
[17/Apr/2014 16:17:41] INFO [ozio.ozioUtils:92] Processing: 29/01/2014,"-39.00","WOOLWORTHS      1332 BURWOOD NSW      AU","+446.57"
[17/Apr/2014 16:17:41] DEBUG [ozio.ozioUtils:71] Handling transaction: ['2014-01-29', '-39.00', 'WOOLWORTHS 1332 BURWOOD NSW AU', 'WOOLWORTHS      1332 BURWOOD NSW      AU Balance:+446.57\r']
[17/Apr/2014 16:17:41] INFO [ozio.ozioUtils:92] Processing: 29/01/2014,"-147.37","WOOLWORTHS      1332 BURWOOD NSW      AU Cash Out $100.00 Purchase $47.37","+485.57"
[17/Apr/2014 16:17:41] DEBUG [ozio.ozioUtils:71] Handling transaction: ['2014-01-29', '-100.00', 'CASH OUT', 'WOOLWORTHS      1332 BURWOOD NSW      AU Cash Out $100.00 Purchase $47.37 Balance:+485.57\r:Split']
[17/Apr/2014 16:17:41] DEBUG [ozio.ozioUtils:71] Handling transaction: ['2014-01-29', '-47.37', 'WOOLWORTHS 1332 BURWOOD NSW AU ', 'WOOLWORTHS      1332 BURWOOD NSW      AU Cash Out $100.00 Purchase $47.37 Balance:+485.57\r']
[17/Apr/2014 16:17:41] INFO [ozio.ozioUtils:92] Processing: 24/01/2014,"-18.40","HANDYWAY RAIL CORPO 4297 BURWOOD","+632.94"
[17/Apr/2014 16:17:41] DEBUG [ozio.ozioUtils:71] Handling transaction: ['2014-01-24', '-18.40', 'HANDYWAY RAIL CORPO 4297 BURWOOD', 'HANDYWAY RAIL CORPO 4297 BURWOOD Balance:+632.94\r']
[17/Apr/2014 16:17:41] INFO [ozio.ozioUtils:92] Processing: 23/01/2014,"-18.40","HANDYWAY RAIL CORPO 4296 BURWOOD","+651.34"
[17/Apr/2014 16:17:41] DEBUG [ozio.ozioUtils:71] Handling transaction: ['2014-01-23', '-18.40', 'HANDYWAY RAIL CORPO 4296 BURWOOD', 'HANDYWAY RAIL CORPO 4296 BURWOOD Balance:+651.34\r']
[17/Apr/2014 16:17:41] INFO [ozio.ozioUtils:92] Processing: 23/01/2014,"-30.00","VODAFONE NORTH SYDNEY NS AUS Card xx1940 Value Date: 21/01/2014","+669.74"
[17/Apr/2014 16:17:41] DEBUG [ozio.ozioUtils:71] Handling transaction: ['2014-01-21', '-30.00', 'VODAFONE NORTH SYDNEY NS AUS CARD XX1940 ', 'VODAFONE NORTH SYDNEY NS AUS Card xx1940 Value Date: 21/01/2014 Balance:+669.74\r']
[17/Apr/2014 16:17:41] INFO [ozio.ozioUtils:92] Processing: 21/01/2014,"-71.49","COLES  BURWOOD           NSW          AU Cash Out $20.00 Purchase $51.49","+699.74"
[17/Apr/2014 16:17:41] DEBUG [ozio.ozioUtils:71] Handling transaction: ['2014-01-21', '-20.00', 'CASH OUT', 'COLES  BURWOOD           NSW          AU Cash Out $20.00 Purchase $51.49 Balance:+699.74\r:Split']
[17/Apr/2014 16:17:41] DEBUG [ozio.ozioUtils:71] Handling transaction: ['2014-01-21', '-51.49', 'COLES BURWOOD NSW AU ', 'COLES  BURWOOD           NSW          AU Cash Out $20.00 Purchase $51.49 Balance:+699.74\r']
[17/Apr/2014 16:17:41] INFO [ozio.ozioUtils:92] Processing: 21/01/2014,"-17.38","WOOLWORTHS      1332 BURWOOD NSW      AU","+771.23"
[17/Apr/2014 16:17:41] DEBUG [ozio.ozioUtils:71] Handling transaction: ['2014-01-21', '-17.38', 'WOOLWORTHS 1332 BURWOOD NSW AU', 'WOOLWORTHS      1332 BURWOOD NSW      AU Balance:+771.23\r']
[17/Apr/2014 16:17:41] INFO [ozio.ozioUtils:92] Processing: 21/01/2014,"-6.20","HANDYWAY RAIL CORPO 4297 BURWOOD","+788.61"
[17/Apr/2014 16:17:41] DEBUG [ozio.ozioUtils:71] Handling transaction: ['2014-01-21', '-6.20', 'HANDYWAY RAIL CORPO 4297 BURWOOD', 'HANDYWAY RAIL CORPO 4297 BURWOOD Balance:+788.61\r']
[17/Apr/2014 16:17:41] INFO [ozio.ozioUtils:92] Processing: 16/01/2014,"-8.25","KMART  BURWOOD           NSW          AU","+794.81"
[17/Apr/2014 16:17:41] DEBUG [ozio.ozioUtils:71] Handling transaction: ['2014-01-16', '-8.25', 'KMART BURWOOD NSW AU', 'KMART  BURWOOD           NSW          AU Balance:+794.81\r']
[17/Apr/2014 16:17:41] INFO [ozio.ozioUtils:92] Processing: 16/01/2014,"-80.00","RTA ETOLLRTB PH131865 PARRAMATTA  AUS Card xx1940 Value Date: 10/01/2014","+803.06"
[17/Apr/2014 16:17:41] DEBUG [ozio.ozioUtils:71] Handling transaction: ['2014-01-10', '-80.00', 'RTA ETOLLRTB PH131865 PARRAMATTA AUS CARD XX1940 ', 'RTA ETOLLRTB PH131865 PARRAMATTA  AUS Card xx1940 Value Date: 10/01/2014 Balance:+803.06\r']
[17/Apr/2014 16:17:41] INFO [ozio.ozioUtils:92] Processing: 15/01/2014,"-3.00","PITTWATER COUNCIL PARKING  AUS Card xx1940 Value Date: 14/01/2014","+883.06"
[17/Apr/2014 16:17:41] DEBUG [ozio.ozioUtils:71] Handling transaction: ['2014-01-14', '-3.00', 'PITTWATER COUNCIL PARKING AUS CARD XX1940 ', 'PITTWATER COUNCIL PARKING  AUS Card xx1940 Value Date: 14/01/2014 Balance:+883.06\r']
[17/Apr/2014 16:17:41] INFO [ozio.ozioUtils:92] Processing: 11/01/2014,"-3.99","PAYPAL *JZ12322 4029357733 AU AUS Card xx1940 Value Date: 07/01/2014","+886.06"
[17/Apr/2014 16:17:41] DEBUG [ozio.ozioUtils:71] Handling transaction: ['2014-01-07', '-3.99', 'PAYPAL *JZ12322 4029357733 AU AUS CARD XX1940 ', 'PAYPAL *JZ12322 4029357733 AU AUS Card xx1940 Value Date: 07/01/2014 Balance:+886.06\r']
[17/Apr/2014 16:17:41] INFO [ozio.ozioUtils:92] Processing: 11/01/2014,"-22.85","PAYPAL *BAZOOKADPTY 4029357733 AU AUS Card xx1940 Value Date: 07/01/2014","+890.05"
[17/Apr/2014 16:17:41] DEBUG [ozio.ozioUtils:71] Handling transaction: ['2014-01-07', '-22.85', 'PAYPAL *BAZOOKADPTY 4029357733 AU AUS CARD XX1940 ', 'PAYPAL *BAZOOKADPTY 4029357733 AU AUS Card xx1940 Value Date: 07/01/2014 Balance:+890.05\r']
[17/Apr/2014 16:17:41] INFO [ozio.ozioUtils:92] Processing: 11/01/2014,"-3.85","PAYPAL *EICOMPUTERS 4029357733 AU AUS Card xx1940 Value Date: 07/01/2014","+912.90"
[17/Apr/2014 16:17:41] DEBUG [ozio.ozioUtils:71] Handling transaction: ['2014-01-07', '-3.85', 'PAYPAL *EICOMPUTERS 4029357733 AU AUS CARD XX1940 ', 'PAYPAL *EICOMPUTERS 4029357733 AU AUS Card xx1940 Value Date: 07/01/2014 Balance:+912.90\r']
[17/Apr/2014 16:17:41] INFO [ozio.ozioUtils:92] Processing: 11/01/2014,"-8.99","PAYPAL *DIGITELAUST 4029357733 AU AUS Card xx1940 Value Date: 07/01/2014","+916.75"
[17/Apr/2014 16:17:41] DEBUG [ozio.ozioUtils:71] Handling transaction: ['2014-01-07', '-8.99', 'PAYPAL *DIGITELAUST 4029357733 AU AUS CARD XX1940 ', 'PAYPAL *DIGITELAUST 4029357733 AU AUS Card xx1940 Value Date: 07/01/2014 Balance:+916.75\r']
[17/Apr/2014 16:17:41] INFO [ozio.ozioUtils:92] Processing: 10/01/2014,"-1120.00","Transfer to CBA A/c NetBank Edwin 0109 0205 rent fee","+925.74"
[17/Apr/2014 16:17:41] DEBUG [ozio.ozioUtils:71] Handling transaction: ['2014-01-10', '-1120.00', 'TRANSFER TO CBA A/C NETBANK EDWIN 0109 0205 RENT FEE', 'Transfer to CBA A/c NetBank Edwin 0109 0205 rent fee Balance:+925.74\r']
[17/Apr/2014 16:17:41] INFO [ozio.ozioUtils:92] Processing: 10/01/2014,"-12.37","WOOLWORTHS      1332 BURWOOD NSW      AU","+2045.74"
[17/Apr/2014 16:17:41] DEBUG [ozio.ozioUtils:71] Handling transaction: ['2014-01-10', '-12.37', 'WOOLWORTHS 1332 BURWOOD NSW AU', 'WOOLWORTHS      1332 BURWOOD NSW      AU Balance:+2045.74\r']
[17/Apr/2014 16:17:41] INFO [ozio.ozioUtils:92] Processing: 10/01/2014,"-8.50","KMART  BURWOOD           NSW          AU","+2058.11"
[17/Apr/2014 16:17:41] DEBUG [ozio.ozioUtils:71] Handling transaction: ['2014-01-10', '-8.50', 'KMART BURWOOD NSW AU', 'KMART  BURWOOD           NSW          AU Balance:+2058.11\r']
[17/Apr/2014 16:17:41] INFO [ozio.ozioUtils:92] Processing: 10/01/2014,"-918.69","N R M A BUR         BURWOOD           AU","+2066.61"
[17/Apr/2014 16:17:41] DEBUG [ozio.ozioUtils:71] Handling transaction: ['2014-01-10', '-918.69', 'N R M A BUR BURWOOD AU', 'N R M A BUR         BURWOOD           AU Balance:+2066.61\r']
[17/Apr/2014 16:17:41] INFO [ozio.ozioUtils:92] Processing: 10/01/2014,"-9.20","HANDYWAY RAIL CORPO 4296 BURWOOD","+2985.30"
[17/Apr/2014 16:17:41] DEBUG [ozio.ozioUtils:71] Handling transaction: ['2014-01-10', '-9.20', 'HANDYWAY RAIL CORPO 4296 BURWOOD', 'HANDYWAY RAIL CORPO 4296 BURWOOD Balance:+2985.30\r']
[17/Apr/2014 16:17:41] INFO [ozio.ozioUtils:92] Processing: 09/01/2014,"-5000.00","Transfer to CBA A/c NetBank NO TFN3","+2994.50"
[17/Apr/2014 16:17:41] DEBUG [ozio.ozioUtils:71] Handling transaction: ['2014-01-09', '-5000.00', 'TRANSFER TO CBA A/C NETBANK NO TFN3', 'Transfer to CBA A/c NetBank NO TFN3 Balance:+2994.50\r']
[17/Apr/2014 16:17:41] INFO [ozio.ozioUtils:92] Processing: 09/01/2014,"+7000.00","Transfer from xx4986 NetBank","+7994.50"
[17/Apr/2014 16:17:41] DEBUG [ozio.ozioUtils:71] Handling transaction: ['2014-01-09', '+7000.00', 'TRANSFER FROM XX4986 NETBANK', 'Transfer from xx4986 NetBank Balance:+7994.50\r']
[17/Apr/2014 16:17:41] INFO [ozio.ozioUtils:92] Processing: 09/01/2014,"+67.39","Transfer from xx4986 NetBank","+994.50"
[17/Apr/2014 16:17:41] DEBUG [ozio.ozioUtils:71] Handling transaction: ['2014-01-09', '+67.39', 'TRANSFER FROM XX4986 NETBANK', 'Transfer from xx4986 NetBank Balance:+994.50\r']
[17/Apr/2014 16:17:41] INFO [ozio.ozioUtils:92] Processing: 09/01/2014,"-1000.00","ROCKDALE MAZDA ARNCLIFFE NS AUS Card xx1940 Value Date: 07/01/2014","+927.11"
[17/Apr/2014 16:17:41] DEBUG [ozio.ozioUtils:71] Handling transaction: ['2014-01-07', '-1000.00', 'ROCKDALE MAZDA ARNCLIFFE NS AUS CARD XX1940 ', 'ROCKDALE MAZDA ARNCLIFFE NS AUS Card xx1940 Value Date: 07/01/2014 Balance:+927.11\r']
[17/Apr/2014 16:17:41] INFO [ozio.ozioUtils:92] Processing: 08/01/2014,"-30.39","WOOLWORTHS      1332 BURWOOD NSW      AU","+1927.11"
[17/Apr/2014 16:17:41] DEBUG [ozio.ozioUtils:71] Handling transaction: ['2014-01-08', '-30.39', 'WOOLWORTHS 1332 BURWOOD NSW AU', 'WOOLWORTHS      1332 BURWOOD NSW      AU Balance:+1927.11\r']
[17/Apr/2014 16:17:41] INFO [ozio.ozioUtils:92] Processing: 07/01/2014,"-42.42","WOOLWORTHS      1332 BURWOOD NSW      AU","+1957.50"
[17/Apr/2014 16:17:41] DEBUG [ozio.ozioUtils:71] Handling transaction: ['2014-01-07', '-42.42', 'WOOLWORTHS 1332 BURWOOD NSW AU', 'WOOLWORTHS      1332 BURWOOD NSW      AU Balance:+1957.50\r']
[17/Apr/2014 16:17:41] INFO [ozio.ozioUtils:92] Processing: 07/01/2014,"-9.20","HANDYWAY RAIL CORPO 4128 BURWOOD","+1999.92"
[17/Apr/2014 16:17:41] DEBUG [ozio.ozioUtils:71] Handling transaction: ['2014-01-07', '-9.20', 'HANDYWAY RAIL CORPO 4128 BURWOOD', 'HANDYWAY RAIL CORPO 4128 BURWOOD Balance:+1999.92\r']
[17/Apr/2014 16:17:41] INFO [ozio.ozioUtils:92] Processing: 06/01/2014,"-31.36","COLES  BURWOOD           NSW          AU","+2009.12"
[17/Apr/2014 16:17:41] DEBUG [ozio.ozioUtils:71] Handling transaction: ['2014-01-06', '-31.36', 'COLES BURWOOD NSW AU', 'COLES  BURWOOD           NSW          AU Balance:+2009.12\r']
[17/Apr/2014 16:17:41] INFO [ozio.ozioUtils:92] Processing: 06/01/2014,"-14.00","HANDYWAY RAIL CORPO 4296 BURWOOD","+2040.48"
[17/Apr/2014 16:17:41] DEBUG [ozio.ozioUtils:71] Handling transaction: ['2014-01-06', '-14.00', 'HANDYWAY RAIL CORPO 4296 BURWOOD', 'HANDYWAY RAIL CORPO 4296 BURWOOD Balance:+2040.48\r']
[17/Apr/2014 16:17:41] INFO [ozio.ozioUtils:92] Processing: 06/01/2014,"-51.00","295 RTA BURWOOD MOTOR REGBURWOOD   NSWAU","+2054.48"
[17/Apr/2014 16:17:41] DEBUG [ozio.ozioUtils:71] Handling transaction: ['2014-01-06', '-51.00', '295 RTA BURWOOD MOTOR REGBURWOOD NSWAU', '295 RTA BURWOOD MOTOR REGBURWOOD   NSWAU Balance:+2054.48\r']
[17/Apr/2014 16:17:41] INFO [ozio.ozioUtils:92] Processing: 30/12/2013,"-1000.00","Wdl ATM CBA ATM  116 BURWOOD B  NSW 231902   AUS","+2105.48"
[17/Apr/2014 16:17:41] DEBUG [ozio.ozioUtils:71] Handling transaction: ['2013-12-30', '-1000.00', 'WDL ATM CBA ATM 116 BURWOOD B NSW 231902 AUS', 'Wdl ATM CBA ATM  116 BURWOOD B  NSW 231902   AUS Balance:+2105.48\r']
[17/Apr/2014 16:17:41] INFO [ozio.ozioUtils:92] Processing: 30/12/2013,"+3000.00","Transfer from xx4986 NetBank","+3105.48"
[17/Apr/2014 16:17:41] DEBUG [ozio.ozioUtils:71] Handling transaction: ['2013-12-30', '+3000.00', 'TRANSFER FROM XX4986 NETBANK', 'Transfer from xx4986 NetBank Balance:+3105.48\r']
[17/Apr/2014 16:17:41] INFO [ozio.ozioUtils:92] Processing: 27/12/2013,"-170.00","TEMPUS TWO WINERY","+105.48"
[17/Apr/2014 16:17:41] DEBUG [ozio.ozioUtils:71] Handling transaction: ['2013-12-27', '-170.00', 'TEMPUS TWO WINERY', 'TEMPUS TWO WINERY Balance:+105.48\r']
[17/Apr/2014 16:17:41] INFO [ozio.ozioUtils:92] Processing: 24/12/2013,"-25.10","SOUQ FRESH          0001 BURWOOD","+275.48"
[17/Apr/2014 16:17:41] DEBUG [ozio.ozioUtils:71] Handling transaction: ['2013-12-24', '-25.10', 'SOUQ FRESH 0001 BURWOOD', 'SOUQ FRESH          0001 BURWOOD Balance:+275.48\r']
[17/Apr/2014 16:17:41] INFO [ozio.ozioUtils:92] Processing: 24/12/2013,"-5.49","COLES  BURWOOD           NSW          AU","+300.58"
[17/Apr/2014 16:17:41] DEBUG [ozio.ozioUtils:71] Handling transaction: ['2013-12-24', '-5.49', 'COLES BURWOOD NSW AU', 'COLES  BURWOOD           NSW          AU Balance:+300.58\r']
[17/Apr/2014 16:17:41] INFO [ozio.ozioUtils:92] Processing: 24/12/2013,"-17.00","KMART  BURWOOD           NSW          AU","+306.07"
[17/Apr/2014 16:17:41] DEBUG [ozio.ozioUtils:71] Handling transaction: ['2013-12-24', '-17.00', 'KMART BURWOOD NSW AU', 'KMART  BURWOOD           NSW          AU Balance:+306.07\r']
[17/Apr/2014 16:17:41] INFO [ozio.ozioUtils:92] Processing: 24/12/2013,"-11.94","WOOLWORTHS      1332 BURWOOD NSW      AU","+323.07"
[17/Apr/2014 16:17:41] DEBUG [ozio.ozioUtils:71] Handling transaction: ['2013-12-24', '-11.94', 'WOOLWORTHS 1332 BURWOOD NSW AU', 'WOOLWORTHS      1332 BURWOOD NSW      AU Balance:+323.07\r']
[17/Apr/2014 16:17:41] INFO [ozio.ozioUtils:92] Processing: 24/12/2013,"-19.40","SOUQ FRESH          0001 BURWOOD","+335.01"
[17/Apr/2014 16:17:41] DEBUG [ozio.ozioUtils:71] Handling transaction: ['2013-12-24', '-19.40', 'SOUQ FRESH 0001 BURWOOD', 'SOUQ FRESH          0001 BURWOOD Balance:+335.01\r']
[17/Apr/2014 16:17:41] INFO [ozio.ozioUtils:92] Processing: 24/12/2013,"-62.72","COLES  BURWOOD           NSW          AU","+354.41"
[17/Apr/2014 16:17:41] DEBUG [ozio.ozioUtils:71] Handling transaction: ['2013-12-24', '-62.72', 'COLES BURWOOD NSW AU', 'COLES  BURWOOD           NSW          AU Balance:+354.41\r']
[17/Apr/2014 16:17:41] INFO [ozio.ozioUtils:92] Processing: 23/12/2013,"-10.38","COLES  HURSTVILLE STATIONNSW          AU","+417.13"
[17/Apr/2014 16:17:41] DEBUG [ozio.ozioUtils:71] Handling transaction: ['2013-12-23', '-10.38', 'COLES HURSTVILLE STATIONNSW AU', 'COLES  HURSTVILLE STATIONNSW          AU Balance:+417.13\r']
[17/Apr/2014 16:17:41] INFO [ozio.ozioUtils:92] Processing: 23/12/2013,"-20.00","HANDYWAY RAIL CORPO 4296 BURWOOD","+427.51"
[17/Apr/2014 16:17:41] DEBUG [ozio.ozioUtils:71] Handling transaction: ['2013-12-23', '-20.00', 'HANDYWAY RAIL CORPO 4296 BURWOOD', 'HANDYWAY RAIL CORPO 4296 BURWOOD Balance:+427.51\r']
[17/Apr/2014 16:17:41] INFO [ozio.ozioUtils:92] Processing: 21/12/2013,"-20000.00","Transfer to CBA A/c NetBank NO TFN2","+447.51"
[17/Apr/2014 16:17:41] DEBUG [ozio.ozioUtils:71] Handling transaction: ['2013-12-21', '-20000.00', 'TRANSFER TO CBA A/C NETBANK NO TFN2', 'Transfer to CBA A/c NetBank NO TFN2 Balance:+447.51\r']
[17/Apr/2014 16:17:41] INFO [ozio.ozioUtils:92] Processing: 21/12/2013,"+20000.00","Transfer from xx4986 NetBank NO TFN2","+20447.51"
[17/Apr/2014 16:17:41] DEBUG [ozio.ozioUtils:71] Handling transaction: ['2013-12-21', '+20000.00', 'TRANSFER FROM XX4986 NETBANK NO TFN2', 'Transfer from xx4986 NetBank NO TFN2 Balance:+20447.51\r']
[17/Apr/2014 16:17:41] INFO [ozio.ozioUtils:92] Processing: 20/12/2013,"-12.00","HANDYWAY RAIL CORPO 4296 BURWOOD","+447.51"
[17/Apr/2014 16:17:41] DEBUG [ozio.ozioUtils:71] Handling transaction: ['2013-12-20', '-12.00', 'HANDYWAY RAIL CORPO 4296 BURWOOD', 'HANDYWAY RAIL CORPO 4296 BURWOOD Balance:+447.51\r']
[17/Apr/2014 16:17:41] INFO [ozio.ozioUtils:92] Processing: 19/12/2013,"-37.92","COLES  BURWOOD           NSW          AU","+459.51"
[17/Apr/2014 16:17:41] DEBUG [ozio.ozioUtils:71] Handling transaction: ['2013-12-19', '-37.92', 'COLES BURWOOD NSW AU', 'COLES  BURWOOD           NSW          AU Balance:+459.51\r']
[17/Apr/2014 16:17:41] INFO [ozio.ozioUtils:92] Processing: 19/12/2013,"-20000.00","Transfer to CBA A/c NetBank NO TFN","+497.43"
[17/Apr/2014 16:17:41] DEBUG [ozio.ozioUtils:71] Handling transaction: ['2013-12-19', '-20000.00', 'TRANSFER TO CBA A/C NETBANK NO TFN', 'Transfer to CBA A/c NetBank NO TFN Balance:+497.43\r']
[17/Apr/2014 16:17:41] INFO [ozio.ozioUtils:92] Processing: 19/12/2013,"+20000.00","Transfer from xx4986 NetBank NO TFN","+20497.43"
[17/Apr/2014 16:17:41] DEBUG [ozio.ozioUtils:71] Handling transaction: ['2013-12-19', '+20000.00', 'TRANSFER FROM XX4986 NETBANK NO TFN', 'Transfer from xx4986 NetBank NO TFN Balance:+20497.43\r']
[17/Apr/2014 16:17:41] INFO [ozio.ozioUtils:92] Processing: 16/12/2013,"-22.60","WOOLWORTHS      1332 BURWOOD NSW      AU","+497.43"
[17/Apr/2014 16:17:41] DEBUG [ozio.ozioUtils:71] Handling transaction: ['2013-12-16', '-22.60', 'WOOLWORTHS 1332 BURWOOD NSW AU', 'WOOLWORTHS      1332 BURWOOD NSW      AU Balance:+497.43\r']
[17/Apr/2014 16:17:41] INFO [ozio.ozioUtils:92] Processing: 16/12/2013,"-29.00","KMART  BURWOOD           NSW          AU","+520.03"
[17/Apr/2014 16:17:41] DEBUG [ozio.ozioUtils:71] Handling transaction: ['2013-12-16', '-29.00', 'KMART BURWOOD NSW AU', 'KMART  BURWOOD           NSW          AU Balance:+520.03\r']
[17/Apr/2014 16:17:41] INFO [ozio.ozioUtils:92] Processing: 13/12/2013,"-17.50","WOOLWORTHS      1332 BURWOOD NSW      AU","+549.03"
[17/Apr/2014 16:17:41] DEBUG [ozio.ozioUtils:71] Handling transaction: ['2013-12-13', '-17.50', 'WOOLWORTHS 1332 BURWOOD NSW AU', 'WOOLWORTHS      1332 BURWOOD NSW      AU Balance:+549.03\r']
[17/Apr/2014 16:17:41] INFO [ozio.ozioUtils:92] Processing: 12/12/2013,"-49.99","COLES  BURWOOD           NSW          AU","+566.53"
[17/Apr/2014 16:17:41] DEBUG [ozio.ozioUtils:71] Handling transaction: ['2013-12-12', '-49.99', 'COLES BURWOOD NSW AU', 'COLES  BURWOOD           NSW          AU Balance:+566.53\r']
[17/Apr/2014 16:17:41] INFO [ozio.ozioUtils:92] Processing: 12/12/2013,"-41.00","200 RTA INTERNET /IVR SURRY HILLS  AUS Card xx1940 Value Date: 07/12/2013","+616.52"
[17/Apr/2014 16:17:41] DEBUG [ozio.ozioUtils:71] Handling transaction: ['2013-12-07', '-41.00', '200 RTA INTERNET /IVR SURRY HILLS AUS CARD XX1940 ', '200 RTA INTERNET /IVR SURRY HILLS  AUS Card xx1940 Value Date: 07/12/2013 Balance:+616.52\r']
[17/Apr/2014 16:17:41] INFO [ozio.ozioUtils:92] Processing: 12/12/2013,"-41.00","200 RTA INTERNET /IVR SURRY HILLS  AUS Card xx1940 Value Date: 07/12/2013","+657.52"
[17/Apr/2014 16:17:41] DEBUG [ozio.ozioUtils:71] Handling transaction: ['2013-12-07', '-41.00', '200 RTA INTERNET /IVR SURRY HILLS AUS CARD XX1940 ', '200 RTA INTERNET /IVR SURRY HILLS  AUS Card xx1940 Value Date: 07/12/2013 Balance:+657.52\r']
[17/Apr/2014 16:17:41] INFO [ozio.ozioUtils:92] Processing: 11/12/2013,"-1080.00","Transfer to CBA A/c NetBank rent fee 1212 0108","+698.52"
[17/Apr/2014 16:17:41] DEBUG [ozio.ozioUtils:71] Handling transaction: ['2013-12-11', '-1080.00', 'TRANSFER TO CBA A/C NETBANK RENT FEE 1212 0108', 'Transfer to CBA A/c NetBank rent fee 1212 0108 Balance:+698.52\r']
[17/Apr/2014 16:17:41] INFO [ozio.ozioUtils:92] Processing: 09/12/2013,"-52.22","WOOLWORTHS      1332 BURWOOD NSW      AU","+1778.52"
[17/Apr/2014 16:17:41] DEBUG [ozio.ozioUtils:71] Handling transaction: ['2013-12-09', '-52.22', 'WOOLWORTHS 1332 BURWOOD NSW AU', 'WOOLWORTHS      1332 BURWOOD NSW      AU Balance:+1778.52\r']
[17/Apr/2014 16:17:41] INFO [ozio.ozioUtils:92] Processing: 09/12/2013,"-22.31","BURWOOD TONGLI SUPER BURWOOD NSW03","+1830.74"
[17/Apr/2014 16:17:41] DEBUG [ozio.ozioUtils:71] Handling transaction: ['2013-12-09', '-22.31', 'BURWOOD TONGLI SUPER BURWOOD NSW03', 'BURWOOD TONGLI SUPER BURWOOD NSW03 Balance:+1830.74\r']
[17/Apr/2014 16:17:41] INFO [ozio.ozioUtils:92] Processing: 06/12/2013,"-30.88","COLES  BURWOOD           NSW          AU","+1853.05"
[17/Apr/2014 16:17:41] DEBUG [ozio.ozioUtils:71] Handling transaction: ['2013-12-06', '-30.88', 'COLES BURWOOD NSW AU', 'COLES  BURWOOD           NSW          AU Balance:+1853.05\r']
[17/Apr/2014 16:17:41] INFO [ozio.ozioUtils:92] Processing: 06/12/2013,"-4.00","KMART  BURWOOD           NSW          AU","+1883.93"
[17/Apr/2014 16:17:41] DEBUG [ozio.ozioUtils:71] Handling transaction: ['2013-12-06', '-4.00', 'KMART BURWOOD NSW AU', 'KMART  BURWOOD           NSW          AU Balance:+1883.93\r']
[17/Apr/2014 16:17:41] INFO [ozio.ozioUtils:92] Processing: 06/12/2013,"-9.94","WOOLWORTHS      1332 BURWOOD NSW      AU","+1887.93"
[17/Apr/2014 16:17:41] DEBUG [ozio.ozioUtils:71] Handling transaction: ['2013-12-06', '-9.94', 'WOOLWORTHS 1332 BURWOOD NSW AU', 'WOOLWORTHS      1332 BURWOOD NSW      AU Balance:+1887.93\r']
[17/Apr/2014 16:17:41] INFO [ozio.ozioUtils:92] Processing: 05/12/2013,"-23.99","WOOLWORTHS      1332 BURWOOD NSW      AU","+1897.87"
[17/Apr/2014 16:17:41] DEBUG [ozio.ozioUtils:71] Handling transaction: ['2013-12-05', '-23.99', 'WOOLWORTHS 1332 BURWOOD NSW AU', 'WOOLWORTHS      1332 BURWOOD NSW      AU Balance:+1897.87\r']
[17/Apr/2014 16:17:41] INFO [ozio.ozioUtils:92] Processing: 03/12/2013,"-34.56","WOOLWORTHS      1332 BURWOOD NSW      AU","+1921.86"
[17/Apr/2014 16:17:41] DEBUG [ozio.ozioUtils:71] Handling transaction: ['2013-12-03', '-34.56', 'WOOLWORTHS 1332 BURWOOD NSW AU', 'WOOLWORTHS      1332 BURWOOD NSW      AU Balance:+1921.86\r']
[17/Apr/2014 16:17:41] INFO [ozio.ozioUtils:92] Processing: 03/12/2013,"-77.00","COMMUNITY RELATIONS 0001 SYDNEY","+1956.42"
[17/Apr/2014 16:17:41] DEBUG [ozio.ozioUtils:71] Handling transaction: ['2013-12-03', '-77.00', 'COMMUNITY RELATIONS 0001 SYDNEY', 'COMMUNITY RELATIONS 0001 SYDNEY Balance:+1956.42\r']
[17/Apr/2014 16:17:41] INFO [ozio.ozioUtils:92] Processing: 03/12/2013,"-12.00","HANDYWAY RAIL CORPO 4296 BURWOOD","+2033.42"
[17/Apr/2014 16:17:41] DEBUG [ozio.ozioUtils:71] Handling transaction: ['2013-12-03', '-12.00', 'HANDYWAY RAIL CORPO 4296 BURWOOD', 'HANDYWAY RAIL CORPO 4296 BURWOOD Balance:+2033.42\r']
[17/Apr/2014 16:17:41] INFO [ozio.ozioUtils:92] Processing: 02/12/2013,"-8.66","WOOLWORTHS      1332 BURWOOD NSW      AU","+2045.42"
[17/Apr/2014 16:17:41] DEBUG [ozio.ozioUtils:71] Handling transaction: ['2013-12-02', '-8.66', 'WOOLWORTHS 1332 BURWOOD NSW AU', 'WOOLWORTHS      1332 BURWOOD NSW      AU Balance:+2045.42\r']
[17/Apr/2014 16:17:41] INFO [ozio.ozioUtils:92] Processing: 01/12/2013,"-23.14","COLES  BURWOOD           NSW          AU","+2054.08"
[17/Apr/2014 16:17:41] DEBUG [ozio.ozioUtils:71] Handling transaction: ['2013-12-01', '-23.14', 'COLES BURWOOD NSW AU', 'COLES  BURWOOD           NSW          AU Balance:+2054.08\r']
[17/Apr/2014 16:17:41] INFO [ozio.ozioUtils:92] Processing: 01/12/2013,"-5.00","HANDYWAY RAIL CORPO 4297 BURWOOD","+2077.22"
[17/Apr/2014 16:17:41] DEBUG [ozio.ozioUtils:71] Handling transaction: ['2013-12-01', '-5.00', 'HANDYWAY RAIL CORPO 4297 BURWOOD', 'HANDYWAY RAIL CORPO 4297 BURWOOD Balance:+2077.22\r']
[17/Apr/2014 16:17:41] INFO [ozio.ozioUtils:92] Processing: 01/12/2013,"+0.20","Credit Interest","+2082.22"
[17/Apr/2014 16:17:41] DEBUG [ozio.ozioUtils:71] Handling transaction: ['2013-12-01', '+0.20', 'CREDIT INTEREST', 'Credit Interest Balance:+2082.22\r']
[17/Apr/2014 16:17:41] INFO [ozio.ozioUtils:92] Processing: 30/11/2013,"-540.00","Transfer to CBA A/c NetBank rent fee 1128 1211","+2082.02"
[17/Apr/2014 16:17:41] DEBUG [ozio.ozioUtils:71] Handling transaction: ['2013-11-30', '-540.00', 'TRANSFER TO CBA A/C NETBANK RENT FEE 1128 1211', 'Transfer to CBA A/c NetBank rent fee 1128 1211 Balance:+2082.02\r']
[17/Apr/2014 16:17:41] INFO [ozio.ozioUtils:92] Processing: 30/11/2013,"-50000.00","Transfer Out Branch 06 2063 Tfr to A/c xx4986","+2622.02"
[17/Apr/2014 16:17:41] DEBUG [ozio.ozioUtils:71] Handling transaction: ['2013-11-30', '-50000.00', 'TRANSFER OUT BRANCH 06 2063 TFR TO A/C XX4986', 'Transfer Out Branch 06 2063 Tfr to A/c xx4986 Balance:+2622.02\r']
[17/Apr/2014 16:17:41] INFO [ozio.ozioUtils:92] Processing: 29/11/2013,"-23.66","WOOLWORTHS      1332 BURWOOD NSW      AU","+52622.02"
[17/Apr/2014 16:17:41] DEBUG [ozio.ozioUtils:71] Handling transaction: ['2013-11-29', '-23.66', 'WOOLWORTHS 1332 BURWOOD NSW AU', 'WOOLWORTHS      1332 BURWOOD NSW      AU Balance:+52622.02\r']
[17/Apr/2014 16:17:41] INFO [ozio.ozioUtils:92] Processing: 29/11/2013,"-54.00","KMART  BURWOOD           NSW          AU","+52645.68"
[17/Apr/2014 16:17:41] DEBUG [ozio.ozioUtils:71] Handling transaction: ['2013-11-29', '-54.00', 'KMART BURWOOD NSW AU', 'KMART  BURWOOD           NSW          AU Balance:+52645.68\r']
[17/Apr/2014 16:17:41] INFO [ozio.ozioUtils:92] Processing: 29/11/2013,"-40.00","CELLARBRATIONS AT ST STRATHFIELD NSW","+52699.68"
[17/Apr/2014 16:17:41] DEBUG [ozio.ozioUtils:71] Handling transaction: ['2013-11-29', '-40.00', 'CELLARBRATIONS AT ST STRATHFIELD NSW', 'CELLARBRATIONS AT ST STRATHFIELD NSW Balance:+52699.68\r']
[17/Apr/2014 16:17:41] INFO [ozio.ozioUtils:92] Processing: 29/11/2013,"+4500.00","WENZHEN REF: CASH DEPOSIT CBA ATM  STRATHFIELD A  NSW 225601   AUS","+52739.68"
[17/Apr/2014 16:17:41] DEBUG [ozio.ozioUtils:71] Handling transaction: ['2013-11-29', '+4500.00', 'WENZHEN REF: CASH DEPOSIT CBA ATM STRATHFIELD A NSW 225601 AUS', 'WENZHEN REF: CASH DEPOSIT CBA ATM  STRATHFIELD A  NSW 225601   AUS Balance:+52739.68\r']
[17/Apr/2014 16:17:41] INFO [ozio.ozioUtils:92] Processing: 20/11/2013,"+254.68","MR WENZHEN HE REF 131120011759","+48239.68"
[17/Apr/2014 16:17:41] DEBUG [ozio.ozioUtils:71] Handling transaction: ['2013-11-20', '+254.68', 'MR WENZHEN HE REF 131120011759', 'MR WENZHEN HE REF 131120011759 Balance:+48239.68\r']
[17/Apr/2014 16:17:41] INFO [ozio.ozioUtils:92] Processing: 19/11/2013,"+47985.00","HEWENZHEN REF 131119012109 LIVING EXPENSE","+47985.00"
[17/Apr/2014 16:17:41] DEBUG [ozio.ozioUtils:71] Handling transaction: ['2013-11-19', '+47985.00', 'HEWENZHEN REF 131119012109 LIVING EXPENSE', 'HEWENZHEN REF 131119012109 LIVING EXPENSE Balance:+47985.00']
[17/Apr/2014 16:17:41] INFO [ozio.ozioUtils:86] Finished processing file: Ed_SmartAccess_2013-03-07.csv
[17/Apr/2014 16:18:07] INFO [ozio.ozioUtils:57] Handling uploaded file:Co_SmartAccess_2013-03-07.csv id: 3
[17/Apr/2014 16:18:07] INFO [ozio.ozioUtils:92] Processing: 07/03/2014,"-40.00","TRANSPORT FOR NSW CHIPPENDALE  AUS Card xx7606 Value Date: 05/03/2014","+309.07"
[17/Apr/2014 16:18:07] DEBUG [ozio.ozioUtils:71] Handling transaction: ['2014-03-05', '-40.00', 'TRANSPORT FOR NSW CHIPPENDALE AUS CARD XX7606 ', 'TRANSPORT FOR NSW CHIPPENDALE  AUS Card xx7606 Value Date: 05/03/2014 Balance:+309.07\r']
[17/Apr/2014 16:18:07] INFO [ozio.ozioUtils:92] Processing: 07/03/2014,"-40.00","TRANSPORT FOR NSW CHIPPENDALE  AUS Card xx7606 Value Date: 05/03/2014","+349.07"
[17/Apr/2014 16:18:07] DEBUG [ozio.ozioUtils:71] Handling transaction: ['2014-03-05', '-40.00', 'TRANSPORT FOR NSW CHIPPENDALE AUS CARD XX7606 ', 'TRANSPORT FOR NSW CHIPPENDALE  AUS Card xx7606 Value Date: 05/03/2014 Balance:+349.07\r']
[17/Apr/2014 16:18:07] INFO [ozio.ozioUtils:92] Processing: 05/03/2014,"+200.00","Transfer from xx4978 CommBank app internal","+389.07"
[17/Apr/2014 16:18:07] DEBUG [ozio.ozioUtils:71] Handling transaction: ['2014-03-05', '+200.00', 'TRANSFER FROM XX4978 COMMBANK APP INTERNAL', 'Transfer from xx4978 CommBank app internal Balance:+389.07\r']
[17/Apr/2014 16:18:07] INFO [ozio.ozioUtils:92] Processing: 04/03/2014,"-8.58","TONG LI SUPERMARKETQPS PARRAMATTA  AUS Card xx7606 Value Date: 01/03/2014","+189.07"
[17/Apr/2014 16:18:07] DEBUG [ozio.ozioUtils:71] Handling transaction: ['2014-03-01', '-8.58', 'TONG LI SUPERMARKETQPS PARRAMATTA AUS CARD XX7606 ', 'TONG LI SUPERMARKETQPS PARRAMATTA  AUS Card xx7606 Value Date: 01/03/2014 Balance:+189.07\r']
[17/Apr/2014 16:18:07] INFO [ozio.ozioUtils:92] Processing: 04/03/2014,"-20.70","COUNTRY GROWERS K509 PARRAMATTA  AUS Card xx7606 Value Date: 01/03/2014","+197.65"
[17/Apr/2014 16:18:07] DEBUG [ozio.ozioUtils:71] Handling transaction: ['2014-03-01', '-20.70', 'COUNTRY GROWERS K509 PARRAMATTA AUS CARD XX7606 ', 'COUNTRY GROWERS K509 PARRAMATTA  AUS Card xx7606 Value Date: 01/03/2014 Balance:+197.65\r']
[17/Apr/2014 16:18:07] INFO [ozio.ozioUtils:92] Processing: 03/03/2014,"-3000.00","Transfer to xx4978 NetBank","+218.35"
[17/Apr/2014 16:18:07] DEBUG [ozio.ozioUtils:71] Handling transaction: ['2014-03-03', '-3000.00', 'TRANSFER TO XX4978 NETBANK', 'Transfer to xx4978 NetBank Balance:+218.35\r']
[17/Apr/2014 16:18:07] INFO [ozio.ozioUtils:92] Processing: 03/03/2014,"-2000.00","Transfer to CBA A/c NetBank for pigpig","+3218.35"
[17/Apr/2014 16:18:07] DEBUG [ozio.ozioUtils:71] Handling transaction: ['2014-03-03', '-2000.00', 'TRANSFER TO CBA A/C NETBANK FOR PIGPIG', 'Transfer to CBA A/c NetBank for pigpig Balance:+3218.35\r']
[17/Apr/2014 16:18:07] INFO [ozio.ozioUtils:92] Processing: 03/03/2014,"+5000.00","Transfer from xx4978 NetBank for pigpig","+5218.35"
[17/Apr/2014 16:18:07] DEBUG [ozio.ozioUtils:71] Handling transaction: ['2014-03-03', '+5000.00', 'TRANSFER FROM XX4978 NETBANK FOR PIGPIG', 'Transfer from xx4978 NetBank for pigpig Balance:+5218.35\r']
[17/Apr/2014 16:18:07] INFO [ozio.ozioUtils:92] Processing: 03/03/2014,"-55000.00","Transfer to xx8096 NetBank for goalsaver","+218.35"
[17/Apr/2014 16:18:07] DEBUG [ozio.ozioUtils:71] Handling transaction: ['2014-03-03', '-55000.00', 'TRANSFER TO XX8096 NETBANK FOR GOALSAVER', 'Transfer to xx8096 NetBank for goalsaver Balance:+218.35\r']
[17/Apr/2014 16:18:07] INFO [ozio.ozioUtils:92] Processing: 03/03/2014,"+55000.00","Transfer from xx4978 NetBank for goalsaver","+55218.35"
[17/Apr/2014 16:18:07] DEBUG [ozio.ozioUtils:71] Handling transaction: ['2014-03-03', '+55000.00', 'TRANSFER FROM XX4978 NETBANK FOR GOALSAVER', 'Transfer from xx4978 NetBank for goalsaver Balance:+55218.35\r']
[17/Apr/2014 16:18:07] INFO [ozio.ozioUtils:92] Processing: 03/03/2014,"-43.06","CHEMIST WAREHOUSE   PARRAMATTA","+218.35"
[17/Apr/2014 16:18:07] DEBUG [ozio.ozioUtils:71] Handling transaction: ['2014-03-03', '-43.06', 'CHEMIST WAREHOUSE PARRAMATTA', 'CHEMIST WAREHOUSE   PARRAMATTA Balance:+218.35\r']
[17/Apr/2014 16:18:07] INFO [ozio.ozioUtils:92] Processing: 01/03/2014,"+200.00","Transfer from xx4978 CommBank app internal 200","+261.41"
[17/Apr/2014 16:18:07] DEBUG [ozio.ozioUtils:71] Handling transaction: ['2014-03-01', '+200.00', 'TRANSFER FROM XX4978 COMMBANK APP INTERNAL 200', 'Transfer from xx4978 CommBank app internal 200 Balance:+261.41\r']
[17/Apr/2014 16:18:07] INFO [ozio.ozioUtils:92] Processing: 01/03/2014,"+0.04","Credit Interest","+61.41"
[17/Apr/2014 16:18:07] DEBUG [ozio.ozioUtils:71] Handling transaction: ['2014-03-01', '+0.04', 'CREDIT INTEREST', 'Credit Interest Balance:+61.41\r']
[17/Apr/2014 16:18:07] INFO [ozio.ozioUtils:92] Processing: 24/02/2014,"-230.38","WOOLWORTHS      1332 BURWOOD NSW      AU Cash Out $200.00 Purchase $30.38","+61.37"
[17/Apr/2014 16:18:07] DEBUG [ozio.ozioUtils:71] Handling transaction: ['2014-02-24', '-200.00', 'CASH OUT', 'WOOLWORTHS      1332 BURWOOD NSW      AU Cash Out $200.00 Purchase $30.38 Balance:+61.37\r:Split']
[17/Apr/2014 16:18:07] DEBUG [ozio.ozioUtils:71] Handling transaction: ['2014-02-24', '-30.38', 'WOOLWORTHS 1332 BURWOOD NSW AU ', 'WOOLWORTHS      1332 BURWOOD NSW      AU Cash Out $200.00 Purchase $30.38 Balance:+61.37\r']
[17/Apr/2014 16:18:07] INFO [ozio.ozioUtils:92] Processing: 23/02/2014,"+200.00","Transfer from xx4978 NetBank internal 200","+291.75"
[17/Apr/2014 16:18:07] DEBUG [ozio.ozioUtils:71] Handling transaction: ['2014-02-23', '+200.00', 'TRANSFER FROM XX4978 NETBANK INTERNAL 200', 'Transfer from xx4978 NetBank internal 200 Balance:+291.75\r']
[17/Apr/2014 16:18:07] INFO [ozio.ozioUtils:92] Processing: 22/02/2014,"-500.00","Transfer to CBA A/c NetBank Cash Out 500","+91.75"
[17/Apr/2014 16:18:07] DEBUG [ozio.ozioUtils:71] Handling transaction: ['2014-02-22', '-500.00', 'TRANSFER TO CBA A/C NETBANK CASH OUT 500', 'Transfer to CBA A/c NetBank Cash Out 500 Balance:+91.75\r']
[17/Apr/2014 16:18:07] INFO [ozio.ozioUtils:92] Processing: 22/02/2014,"+500.00","Transfer from xx4978 NetBank","+591.75"
[17/Apr/2014 16:18:07] DEBUG [ozio.ozioUtils:71] Handling transaction: ['2014-02-22', '+500.00', 'TRANSFER FROM XX4978 NETBANK', 'Transfer from xx4978 NetBank Balance:+591.75\r']
[17/Apr/2014 16:18:07] INFO [ozio.ozioUtils:92] Processing: 22/02/2014,"-400.00","Transfer to CBA A/c NetBank nothing","+91.75"
[17/Apr/2014 16:18:07] DEBUG [ozio.ozioUtils:71] Handling transaction: ['2014-02-22', '-400.00', 'TRANSFER TO CBA A/C NETBANK NOTHING', 'Transfer to CBA A/c NetBank nothing Balance:+91.75\r']
[17/Apr/2014 16:18:07] INFO [ozio.ozioUtils:92] Processing: 21/02/2014,"-62.21","WW PETROL       1769 BURWOOD NSW      AU","+491.75"
[17/Apr/2014 16:18:07] DEBUG [ozio.ozioUtils:71] Handling transaction: ['2014-02-21', '-62.21', 'WW PETROL 1769 BURWOOD NSW AU', 'WW PETROL       1769 BURWOOD NSW      AU Balance:+491.75\r']
[17/Apr/2014 16:18:07] INFO [ozio.ozioUtils:92] Processing: 21/02/2014,"-30.00","VODAFONE NORTH SYDNEY NS AUS Card xx7606 Value Date: 19/02/2014","+553.96"
[17/Apr/2014 16:18:07] DEBUG [ozio.ozioUtils:71] Handling transaction: ['2014-02-19', '-30.00', 'VODAFONE NORTH SYDNEY NS AUS CARD XX7606 ', 'VODAFONE NORTH SYDNEY NS AUS Card xx7606 Value Date: 19/02/2014 Balance:+553.96\r']
[17/Apr/2014 16:18:07] INFO [ozio.ozioUtils:92] Processing: 19/02/2014,"-500.00","Transfer to CBA A/c NetBank 500","+583.96"
[17/Apr/2014 16:18:07] DEBUG [ozio.ozioUtils:71] Handling transaction: ['2014-02-19', '-500.00', 'TRANSFER TO CBA A/C NETBANK 500', 'Transfer to CBA A/c NetBank 500 Balance:+583.96\r']
[17/Apr/2014 16:18:07] INFO [ozio.ozioUtils:92] Processing: 19/02/2014,"+500.00","Transfer from xx4978 CommBank app 500","+1083.96"
[17/Apr/2014 16:18:07] DEBUG [ozio.ozioUtils:71] Handling transaction: ['2014-02-19', '+500.00', 'TRANSFER FROM XX4978 COMMBANK APP 500', 'Transfer from xx4978 CommBank app 500 Balance:+1083.96\r']
[17/Apr/2014 16:18:07] INFO [ozio.ozioUtils:92] Processing: 19/02/2014,"+500.00","Transfer from xx4978 CommBank app 500","+583.96"
[17/Apr/2014 16:18:07] DEBUG [ozio.ozioUtils:71] Handling transaction: ['2014-02-19', '+500.00', 'TRANSFER FROM XX4978 COMMBANK APP 500', 'Transfer from xx4978 CommBank app 500 Balance:+583.96\r']
[17/Apr/2014 16:18:07] INFO [ozio.ozioUtils:92] Processing: 19/02/2014,"-310.00","NEW BALANCE              AUBURN       NS","+83.96"
[17/Apr/2014 16:18:07] DEBUG [ozio.ozioUtils:71] Handling transaction: ['2014-02-19', '-310.00', 'NEW BALANCE AUBURN NS', 'NEW BALANCE              AUBURN       NS Balance:+83.96\r']
[17/Apr/2014 16:18:07] INFO [ozio.ozioUtils:92] Processing: 19/02/2014,"-57.00","COTTON ON RED YARD M     AUBURN       NS","+283.96"
[17/Apr/2014 16:18:07] DEBUG [ozio.ozioUtils:71] Handling transaction: ['2014-02-19', '-57.00', 'COTTON ON RED YARD M AUBURN NS', 'COTTON ON RED YARD M     AUBURN       NS Balance:+283.96\r']
[17/Apr/2014 16:18:07] INFO [ozio.ozioUtils:92] Processing: 19/02/2014,"-52.00","325 RTA FIVE DOCK MOTOR RFIVE DOCK NSWAU","+340.96"
[17/Apr/2014 16:18:07] DEBUG [ozio.ozioUtils:71] Handling transaction: ['2014-02-19', '-52.00', '325 RTA FIVE DOCK MOTOR RFIVE DOCK NSWAU', '325 RTA FIVE DOCK MOTOR RFIVE DOCK NSWAU Balance:+340.96\r']
[17/Apr/2014 16:18:07] INFO [ozio.ozioUtils:92] Processing: 18/02/2014,"-77.30","COLES  BURWOOD           NSW          AU Cash Out $40.00 Purchase $37.30","+392.96"
[17/Apr/2014 16:18:07] DEBUG [ozio.ozioUtils:71] Handling transaction: ['2014-02-18', '-40.00', 'CASH OUT', 'COLES  BURWOOD           NSW          AU Cash Out $40.00 Purchase $37.30 Balance:+392.96\r:Split']
[17/Apr/2014 16:18:07] DEBUG [ozio.ozioUtils:71] Handling transaction: ['2014-02-18', '-37.30', 'COLES BURWOOD NSW AU ', 'COLES  BURWOOD           NSW          AU Cash Out $40.00 Purchase $37.30 Balance:+392.96\r']
[17/Apr/2014 16:18:07] INFO [ozio.ozioUtils:92] Processing: 18/02/2014,"-200.00","Wdl ATM CBA ATM  W/F BURWOOD 3  NSW 231994   AUS","+470.26"
[17/Apr/2014 16:18:07] DEBUG [ozio.ozioUtils:71] Handling transaction: ['2014-02-18', '-200.00', 'WDL ATM CBA ATM W/F BURWOOD 3 NSW 231994 AUS', 'Wdl ATM CBA ATM  W/F BURWOOD 3  NSW 231994   AUS Balance:+470.26\r']
[17/Apr/2014 16:18:07] INFO [ozio.ozioUtils:92] Processing: 18/02/2014,"+500.00","Transfer from xx4978 CommBank app 500","+670.26"
[17/Apr/2014 16:18:07] DEBUG [ozio.ozioUtils:71] Handling transaction: ['2014-02-18', '+500.00', 'TRANSFER FROM XX4978 COMMBANK APP 500', 'Transfer from xx4978 CommBank app 500 Balance:+670.26\r']
[17/Apr/2014 16:18:07] INFO [ozio.ozioUtils:92] Processing: 14/02/2014,"-63.94","COLES  BURWOOD           NSW          AU Cash Out $40.00 Purchase $23.94","+170.26"
[17/Apr/2014 16:18:07] DEBUG [ozio.ozioUtils:71] Handling transaction: ['2014-02-14', '-40.00', 'CASH OUT', 'COLES  BURWOOD           NSW          AU Cash Out $40.00 Purchase $23.94 Balance:+170.26\r:Split']
[17/Apr/2014 16:18:07] DEBUG [ozio.ozioUtils:71] Handling transaction: ['2014-02-14', '-23.94', 'COLES BURWOOD NSW AU ', 'COLES  BURWOOD           NSW          AU Cash Out $40.00 Purchase $23.94 Balance:+170.26\r']
[17/Apr/2014 16:18:07] INFO [ozio.ozioUtils:92] Processing: 14/02/2014,"-6.20","HANDYWAY RAIL CORPO 4296 BURWOOD","+234.20"
[17/Apr/2014 16:18:07] DEBUG [ozio.ozioUtils:71] Handling transaction: ['2014-02-14', '-6.20', 'HANDYWAY RAIL CORPO 4296 BURWOOD', 'HANDYWAY RAIL CORPO 4296 BURWOOD Balance:+234.20\r']
[17/Apr/2014 16:18:07] INFO [ozio.ozioUtils:92] Processing: 13/02/2014,"-18.40","HANDYWAY RAIL CORPO 4296 BURWOOD","+240.40"
[17/Apr/2014 16:18:07] DEBUG [ozio.ozioUtils:71] Handling transaction: ['2014-02-13', '-18.40', 'HANDYWAY RAIL CORPO 4296 BURWOOD', 'HANDYWAY RAIL CORPO 4296 BURWOOD Balance:+240.40\r']
[17/Apr/2014 16:18:07] INFO [ozio.ozioUtils:92] Processing: 11/02/2014,"-65.09","WOOLWORTHS      1332 BURWOOD NSW      AU","+258.80"
[17/Apr/2014 16:18:07] DEBUG [ozio.ozioUtils:71] Handling transaction: ['2014-02-11', '-65.09', 'WOOLWORTHS 1332 BURWOOD NSW AU', 'WOOLWORTHS      1332 BURWOOD NSW      AU Balance:+258.80\r']
[17/Apr/2014 16:18:07] INFO [ozio.ozioUtils:92] Processing: 07/02/2014,"-800.00","Transfer to CBA A/c NetBank yu800","+323.89"
[17/Apr/2014 16:18:07] DEBUG [ozio.ozioUtils:71] Handling transaction: ['2014-02-07', '-800.00', 'TRANSFER TO CBA A/C NETBANK YU800', 'Transfer to CBA A/c NetBank yu800 Balance:+323.89\r']
[17/Apr/2014 16:18:07] INFO [ozio.ozioUtils:92] Processing: 07/02/2014,"+500.00","Transfer from xx4978 NetBank","+1123.89"
[17/Apr/2014 16:18:07] DEBUG [ozio.ozioUtils:71] Handling transaction: ['2014-02-07', '+500.00', 'TRANSFER FROM XX4978 NETBANK', 'Transfer from xx4978 NetBank Balance:+1123.89\r']
[17/Apr/2014 16:18:07] INFO [ozio.ozioUtils:92] Processing: 07/02/2014,"-200.00","Wdl ATM CBA ATM  W/F BURWOOD 3  NSW 231994   AUS","+623.89"
[17/Apr/2014 16:18:07] DEBUG [ozio.ozioUtils:71] Handling transaction: ['2014-02-07', '-200.00', 'WDL ATM CBA ATM W/F BURWOOD 3 NSW 231994 AUS', 'Wdl ATM CBA ATM  W/F BURWOOD 3  NSW 231994   AUS Balance:+623.89\r']
[17/Apr/2014 16:18:07] INFO [ozio.ozioUtils:92] Processing: 07/02/2014,"-111.19","COLES  BURWOOD           NSW          AU Cash Out $100.00 Purchase $11.19","+823.89"
[17/Apr/2014 16:18:07] DEBUG [ozio.ozioUtils:71] Handling transaction: ['2014-02-07', '-100.00', 'CASH OUT', 'COLES  BURWOOD           NSW          AU Cash Out $100.00 Purchase $11.19 Balance:+823.89\r:Split']
[17/Apr/2014 16:18:07] DEBUG [ozio.ozioUtils:71] Handling transaction: ['2014-02-07', '-11.19', 'COLES BURWOOD NSW AU ', 'COLES  BURWOOD           NSW          AU Cash Out $100.00 Purchase $11.19 Balance:+823.89\r']
[17/Apr/2014 16:18:07] INFO [ozio.ozioUtils:92] Processing: 06/02/2014,"-6.20","HANDYWAY RAIL CORPO 4296 BURWOOD","+935.08"
[17/Apr/2014 16:18:07] DEBUG [ozio.ozioUtils:71] Handling transaction: ['2014-02-06', '-6.20', 'HANDYWAY RAIL CORPO 4296 BURWOOD', 'HANDYWAY RAIL CORPO 4296 BURWOOD Balance:+935.08\r']
[17/Apr/2014 16:18:07] INFO [ozio.ozioUtils:92] Processing: 03/02/2014,"+791.57","Transfer from xx4978 CommBank app","+941.28"
[17/Apr/2014 16:18:07] DEBUG [ozio.ozioUtils:71] Handling transaction: ['2014-02-03', '+791.57', 'TRANSFER FROM XX4978 COMMBANK APP', 'Transfer from xx4978 CommBank app Balance:+941.28\r']
[17/Apr/2014 16:18:07] INFO [ozio.ozioUtils:92] Processing: 26/01/2014,"-26.00","Transfer to other Bank NetBank lunch fee","+149.71"
[17/Apr/2014 16:18:07] DEBUG [ozio.ozioUtils:71] Handling transaction: ['2014-01-26', '-26.00', 'TRANSFER TO OTHER BANK NETBANK LUNCH FEE', 'Transfer to other Bank NetBank lunch fee Balance:+149.71\r']
[17/Apr/2014 16:18:07] INFO [ozio.ozioUtils:92] Processing: 23/01/2014,"-51.00","200 RTA INTERNET /IVR SURRY HILLS  AUS Card xx7606 Value Date: 18/01/2014","+175.71"
[17/Apr/2014 16:18:07] DEBUG [ozio.ozioUtils:71] Handling transaction: ['2014-01-18', '-51.00', '200 RTA INTERNET /IVR SURRY HILLS AUS CARD XX7606 ', '200 RTA INTERNET /IVR SURRY HILLS  AUS Card xx7606 Value Date: 18/01/2014 Balance:+175.71\r']
[17/Apr/2014 16:18:07] INFO [ozio.ozioUtils:92] Processing: 23/01/2014,"-30.00","VODAFONE NORTH SYDNEY NS AUS Card xx7606 Value Date: 21/01/2014","+226.71"
[17/Apr/2014 16:18:07] DEBUG [ozio.ozioUtils:71] Handling transaction: ['2014-01-21', '-30.00', 'VODAFONE NORTH SYDNEY NS AUS CARD XX7606 ', 'VODAFONE NORTH SYDNEY NS AUS Card xx7606 Value Date: 21/01/2014 Balance:+226.71\r']
[17/Apr/2014 16:18:07] INFO [ozio.ozioUtils:92] Processing: 16/01/2014,"-78.49","COLES  BURWOOD           NSW          AU","+256.71"
[17/Apr/2014 16:18:07] DEBUG [ozio.ozioUtils:71] Handling transaction: ['2014-01-16', '-78.49', 'COLES BURWOOD NSW AU', 'COLES  BURWOOD           NSW          AU Balance:+256.71\r']
[17/Apr/2014 16:18:07] INFO [ozio.ozioUtils:92] Processing: 13/01/2014,"-6.50","KMART  BURWOOD           NSW          AU","+335.20"
[17/Apr/2014 16:18:07] DEBUG [ozio.ozioUtils:71] Handling transaction: ['2014-01-13', '-6.50', 'KMART BURWOOD NSW AU', 'KMART  BURWOOD           NSW          AU Balance:+335.20\r']
[17/Apr/2014 16:18:07] INFO [ozio.ozioUtils:92] Processing: 13/01/2014,"-42.21","WOOLWORTHS      1332 BURWOOD NSW      AU","+341.70"
[17/Apr/2014 16:18:07] DEBUG [ozio.ozioUtils:71] Handling transaction: ['2014-01-13', '-42.21', 'WOOLWORTHS 1332 BURWOOD NSW AU', 'WOOLWORTHS      1332 BURWOOD NSW      AU Balance:+341.70\r']
[17/Apr/2014 16:18:07] INFO [ozio.ozioUtils:92] Processing: 13/01/2014,"-79.98","DAVID JONES LIMITED  BURWOOD NSW","+383.91"
[17/Apr/2014 16:18:07] DEBUG [ozio.ozioUtils:71] Handling transaction: ['2014-01-13', '-79.98', 'DAVID JONES LIMITED BURWOOD NSW', 'DAVID JONES LIMITED  BURWOOD NSW Balance:+383.91\r']
[17/Apr/2014 16:18:07] INFO [ozio.ozioUtils:92] Processing: 13/01/2014,"+79.98","Refund Purchase DAVID JONES LIMITED  BURWOOD NSW","+463.89"
[17/Apr/2014 16:18:07] DEBUG [ozio.ozioUtils:71] Handling transaction: ['2014-01-13', '+79.98', 'REFUND PURCHASE DAVID JONES LIMITED BURWOOD NSW', 'Refund Purchase DAVID JONES LIMITED  BURWOOD NSW Balance:+463.89\r']
[17/Apr/2014 16:18:07] INFO [ozio.ozioUtils:92] Processing: 12/01/2014,"-11.57","WOOLWORTHS      1332 BURWOOD NSW      AU","+383.91"
[17/Apr/2014 16:18:07] DEBUG [ozio.ozioUtils:71] Handling transaction: ['2014-01-12', '-11.57', 'WOOLWORTHS 1332 BURWOOD NSW AU', 'WOOLWORTHS      1332 BURWOOD NSW      AU Balance:+383.91\r']
[17/Apr/2014 16:18:07] INFO [ozio.ozioUtils:92] Processing: 12/01/2014,"-159.96","DAVID JONES LIMITED  BURWOOD NSW","+395.48"
[17/Apr/2014 16:18:07] DEBUG [ozio.ozioUtils:71] Handling transaction: ['2014-01-12', '-159.96', 'DAVID JONES LIMITED BURWOOD NSW', 'DAVID JONES LIMITED  BURWOOD NSW Balance:+395.48\r']
[17/Apr/2014 16:18:07] INFO [ozio.ozioUtils:92] Processing: 12/01/2014,"-4800.00","Transfer to xx4978 NetBank yuyu transfer","+555.44"
[17/Apr/2014 16:18:07] DEBUG [ozio.ozioUtils:71] Handling transaction: ['2014-01-12', '-4800.00', 'TRANSFER TO XX4978 NETBANK YUYU TRANSFER', 'Transfer to xx4978 NetBank yuyu transfer Balance:+555.44\r']
[17/Apr/2014 16:18:07] INFO [ozio.ozioUtils:92] Processing: 09/01/2014,"+5000.00","Transfer from WENZHEN HE NetBank NO TFN3","+5355.44"
[17/Apr/2014 16:18:07] DEBUG [ozio.ozioUtils:71] Handling transaction: ['2014-01-09', '+5000.00', 'TRANSFER FROM WENZHEN HE NETBANK NO TFN3', 'Transfer from WENZHEN HE NetBank NO TFN3 Balance:+5355.44\r']
[17/Apr/2014 16:18:07] INFO [ozio.ozioUtils:92] Processing: 07/01/2014,"-20849.00","Wdl Branch 116 Burwood Rd","+355.44"
[17/Apr/2014 16:18:07] DEBUG [ozio.ozioUtils:71] Handling transaction: ['2014-01-07', '-20849.00', 'WDL BRANCH 116 BURWOOD RD', 'Wdl Branch 116 Burwood Rd Balance:+355.44\r']
[17/Apr/2014 16:18:07] INFO [ozio.ozioUtils:92] Processing: 07/01/2014,"+20839.00","Transfer from xx4978 CommBank app 20839","+21204.44"
[17/Apr/2014 16:18:07] DEBUG [ozio.ozioUtils:71] Handling transaction: ['2014-01-07', '+20839.00', 'TRANSFER FROM XX4978 COMMBANK APP 20839', 'Transfer from xx4978 CommBank app 20839 Balance:+21204.44\r']
[17/Apr/2014 16:18:07] INFO [ozio.ozioUtils:92] Processing: 30/12/2013,"-137.19","WOOLWORTHS      1332 BURWOOD NSW      AU","+365.44"
[17/Apr/2014 16:18:07] DEBUG [ozio.ozioUtils:71] Handling transaction: ['2013-12-30', '-137.19', 'WOOLWORTHS 1332 BURWOOD NSW AU', 'WOOLWORTHS      1332 BURWOOD NSW      AU Balance:+365.44\r']
[17/Apr/2014 16:18:07] INFO [ozio.ozioUtils:92] Processing: 30/12/2013,"-22.50","KMART  BURWOOD           NSW          AU","+502.63"
[17/Apr/2014 16:18:07] DEBUG [ozio.ozioUtils:71] Handling transaction: ['2013-12-30', '-22.50', 'KMART BURWOOD NSW AU', 'KMART  BURWOOD           NSW          AU Balance:+502.63\r']
[17/Apr/2014 16:18:07] INFO [ozio.ozioUtils:92] Processing: 28/12/2013,"-30.00","VODAFONE NORTH SYDNEY NS AUS Card xx7606 Value Date: 24/12/2013","+525.13"
[17/Apr/2014 16:18:07] DEBUG [ozio.ozioUtils:71] Handling transaction: ['2013-12-24', '-30.00', 'VODAFONE NORTH SYDNEY NS AUS CARD XX7606 ', 'VODAFONE NORTH SYDNEY NS AUS Card xx7606 Value Date: 24/12/2013 Balance:+525.13\r']
[17/Apr/2014 16:18:07] INFO [ozio.ozioUtils:92] Processing: 28/12/2013,"-30.00","VODAFONE NORTH SYDNEY NS AUS Card xx7606 Value Date: 24/12/2013","+555.13"
[17/Apr/2014 16:18:07] DEBUG [ozio.ozioUtils:71] Handling transaction: ['2013-12-24', '-30.00', 'VODAFONE NORTH SYDNEY NS AUS CARD XX7606 ', 'VODAFONE NORTH SYDNEY NS AUS Card xx7606 Value Date: 24/12/2013 Balance:+555.13\r']
[17/Apr/2014 16:18:07] INFO [ozio.ozioUtils:92] Processing: 24/12/2013,"-20000.00","Transfer to xx4978 NetBank netbank","+585.13"
[17/Apr/2014 16:18:07] DEBUG [ozio.ozioUtils:71] Handling transaction: ['2013-12-24', '-20000.00', 'TRANSFER TO XX4978 NETBANK NETBANK', 'Transfer to xx4978 NetBank netbank Balance:+585.13\r']
[17/Apr/2014 16:18:07] INFO [ozio.ozioUtils:92] Processing: 21/12/2013,"+20000.00","Transfer from WENZHEN HE NetBank NO TFN2","+20585.13"
[17/Apr/2014 16:18:07] DEBUG [ozio.ozioUtils:71] Handling transaction: ['2013-12-21', '+20000.00', 'TRANSFER FROM WENZHEN HE NETBANK NO TFN2', 'Transfer from WENZHEN HE NetBank NO TFN2 Balance:+20585.13\r']
[17/Apr/2014 16:18:07] INFO [ozio.ozioUtils:92] Processing: 21/12/2013,"-20000.00","Transfer to xx4978 NetBank netbank saver","+585.13"
[17/Apr/2014 16:18:07] DEBUG [ozio.ozioUtils:71] Handling transaction: ['2013-12-21', '-20000.00', 'TRANSFER TO XX4978 NETBANK NETBANK SAVER', 'Transfer to xx4978 NetBank netbank saver Balance:+585.13\r']
[17/Apr/2014 16:18:07] INFO [ozio.ozioUtils:92] Processing: 19/12/2013,"+20000.00","Transfer from WENZHEN HE NetBank NO TFN","+20585.13"
[17/Apr/2014 16:18:07] DEBUG [ozio.ozioUtils:71] Handling transaction: ['2013-12-19', '+20000.00', 'TRANSFER FROM WENZHEN HE NETBANK NO TFN', 'Transfer from WENZHEN HE NetBank NO TFN Balance:+20585.13\r']
[17/Apr/2014 16:18:07] INFO [ozio.ozioUtils:92] Processing: 05/12/2013,"-1400.00","Transfer to xx4978 NetBank Saver 1400","+585.13"
[17/Apr/2014 16:18:07] DEBUG [ozio.ozioUtils:71] Handling transaction: ['2013-12-05', '-1400.00', 'TRANSFER TO XX4978 NETBANK SAVER 1400', 'Transfer to xx4978 NetBank Saver 1400 Balance:+585.13\r']
[17/Apr/2014 16:18:07] INFO [ozio.ozioUtils:92] Processing: 01/12/2013,"+0.13","Credit Interest","+1985.13"
[17/Apr/2014 16:18:07] DEBUG [ozio.ozioUtils:71] Handling transaction: ['2013-12-01', '+0.13', 'CREDIT INTEREST', 'Credit Interest Balance:+1985.13\r']
[17/Apr/2014 16:18:07] INFO [ozio.ozioUtils:92] Processing: 30/11/2013,"-42000.00","Transfer Out Branch 06 2063 Tfr to A/c xx4978","+1985.00"
[17/Apr/2014 16:18:07] DEBUG [ozio.ozioUtils:71] Handling transaction: ['2013-11-30', '-42000.00', 'TRANSFER OUT BRANCH 06 2063 TFR TO A/C XX4978', 'Transfer Out Branch 06 2063 Tfr to A/c xx4978 Balance:+1985.00\r']
[17/Apr/2014 16:18:07] INFO [ozio.ozioUtils:92] Processing: 19/11/2013,"+43985.00","ZENG SHUQIN REF 131119011023 LIVING EXPENSE","+43985.00"
[17/Apr/2014 16:18:07] DEBUG [ozio.ozioUtils:71] Handling transaction: ['2013-11-19', '+43985.00', 'ZENG SHUQIN REF 131119011023 LIVING EXPENSE', 'ZENG SHUQIN REF 131119011023 LIVING EXPENSE Balance:+43985.00\r']
[17/Apr/2014 16:18:07] INFO [ozio.ozioUtils:86] Finished processing file: Co_SmartAccess_2013-03-07.csv
[17/Apr/2014 16:20:44] ERROR [django.request:226] Internal Server Error: /ozio/map_transaction/
Traceback (most recent call last):
  File "/Library/Frameworks/Python.framework/Versions/3.3/lib/python3.3/site-packages/django/db/models/options.py", line 371, in get_field_by_name
    return self._name_map[name]
KeyError: 'orig_icontains'

During handling of the above exception, another exception occurred:

Traceback (most recent call last):
  File "/Library/Frameworks/Python.framework/Versions/3.3/lib/python3.3/site-packages/django/db/models/sql/query.py", line 1265, in names_to_path
    field, model, direct, m2m = opts.get_field_by_name(name)
  File "/Library/Frameworks/Python.framework/Versions/3.3/lib/python3.3/site-packages/django/db/models/options.py", line 377, in get_field_by_name
    % (self.object_name, name))
django.db.models.fields.FieldDoesNotExist: Transaction has no field named 'orig_icontains'

During handling of the above exception, another exception occurred:

Traceback (most recent call last):
  File "/Library/Frameworks/Python.framework/Versions/3.3/lib/python3.3/site-packages/django/core/handlers/base.py", line 114, in get_response
    response = wrapped_callback(request, *callback_args, **callback_kwargs)
  File "/Users/edwin/Programming/git-repo/edhome/edhome/ozio/views.py", line 41, in ozio_map_transaction
    map_transactions()
  File "/Users/edwin/Programming/git-repo/edhome/edhome/ozio/ozioUtils.py", line 39, in map_transactions
    Q(orig_icontains = lookfor_pattern) \
  File "/Library/Frameworks/Python.framework/Versions/3.3/lib/python3.3/site-packages/django/db/models/manager.py", line 163, in filter
    return self.get_queryset().filter(*args, **kwargs)
  File "/Library/Frameworks/Python.framework/Versions/3.3/lib/python3.3/site-packages/django/db/models/query.py", line 590, in filter
    return self._filter_or_exclude(False, *args, **kwargs)
  File "/Library/Frameworks/Python.framework/Versions/3.3/lib/python3.3/site-packages/django/db/models/query.py", line 608, in _filter_or_exclude
    clone.query.add_q(Q(*args, **kwargs))
  File "/Library/Frameworks/Python.framework/Versions/3.3/lib/python3.3/site-packages/django/db/models/sql/query.py", line 1198, in add_q
    clause = self._add_q(where_part, used_aliases)
  File "/Library/Frameworks/Python.framework/Versions/3.3/lib/python3.3/site-packages/django/db/models/sql/query.py", line 1230, in _add_q
    current_negated)
  File "/Library/Frameworks/Python.framework/Versions/3.3/lib/python3.3/site-packages/django/db/models/sql/query.py", line 1234, in _add_q
    current_negated=current_negated)
  File "/Library/Frameworks/Python.framework/Versions/3.3/lib/python3.3/site-packages/django/db/models/sql/query.py", line 1100, in build_filter
    allow_explicit_fk=True)
  File "/Library/Frameworks/Python.framework/Versions/3.3/lib/python3.3/site-packages/django/db/models/sql/query.py", line 1357, in setup_joins
    names, opts, allow_many, allow_explicit_fk)
  File "/Library/Frameworks/Python.framework/Versions/3.3/lib/python3.3/site-packages/django/db/models/sql/query.py", line 1277, in names_to_path
    "Choices are: %s" % (name, ", ".join(available)))
django.core.exceptions.FieldError: Cannot resolve keyword 'orig_icontains' into field. Choices are: amount, date, id, info, keyword, original_info, source_file
[17/Apr/2014 16:22:22] ERROR [django.request:226] Internal Server Error: /ozio/map_transaction/
Traceback (most recent call last):
  File "/Library/Frameworks/Python.framework/Versions/3.3/lib/python3.3/site-packages/django/db/models/options.py", line 371, in get_field_by_name
    return self._name_map[name]
KeyError: 'info_icontains'

During handling of the above exception, another exception occurred:

Traceback (most recent call last):
  File "/Library/Frameworks/Python.framework/Versions/3.3/lib/python3.3/site-packages/django/db/models/sql/query.py", line 1265, in names_to_path
    field, model, direct, m2m = opts.get_field_by_name(name)
  File "/Library/Frameworks/Python.framework/Versions/3.3/lib/python3.3/site-packages/django/db/models/options.py", line 377, in get_field_by_name
    % (self.object_name, name))
django.db.models.fields.FieldDoesNotExist: Transaction has no field named 'info_icontains'

During handling of the above exception, another exception occurred:

Traceback (most recent call last):
  File "/Library/Frameworks/Python.framework/Versions/3.3/lib/python3.3/site-packages/django/core/handlers/base.py", line 114, in get_response
    response = wrapped_callback(request, *callback_args, **callback_kwargs)
  File "/Users/edwin/Programming/git-repo/edhome/edhome/ozio/views.py", line 41, in ozio_map_transaction
    map_transactions()
  File "/Users/edwin/Programming/git-repo/edhome/edhome/ozio/ozioUtils.py", line 39, in map_transactions
    Q(info_icontains = lookfor_pattern) \
  File "/Library/Frameworks/Python.framework/Versions/3.3/lib/python3.3/site-packages/django/db/models/manager.py", line 163, in filter
    return self.get_queryset().filter(*args, **kwargs)
  File "/Library/Frameworks/Python.framework/Versions/3.3/lib/python3.3/site-packages/django/db/models/query.py", line 590, in filter
    return self._filter_or_exclude(False, *args, **kwargs)
  File "/Library/Frameworks/Python.framework/Versions/3.3/lib/python3.3/site-packages/django/db/models/query.py", line 608, in _filter_or_exclude
    clone.query.add_q(Q(*args, **kwargs))
  File "/Library/Frameworks/Python.framework/Versions/3.3/lib/python3.3/site-packages/django/db/models/sql/query.py", line 1198, in add_q
    clause = self._add_q(where_part, used_aliases)
  File "/Library/Frameworks/Python.framework/Versions/3.3/lib/python3.3/site-packages/django/db/models/sql/query.py", line 1230, in _add_q
    current_negated)
  File "/Library/Frameworks/Python.framework/Versions/3.3/lib/python3.3/site-packages/django/db/models/sql/query.py", line 1234, in _add_q
    current_negated=current_negated)
  File "/Library/Frameworks/Python.framework/Versions/3.3/lib/python3.3/site-packages/django/db/models/sql/query.py", line 1100, in build_filter
    allow_explicit_fk=True)
  File "/Library/Frameworks/Python.framework/Versions/3.3/lib/python3.3/site-packages/django/db/models/sql/query.py", line 1357, in setup_joins
    names, opts, allow_many, allow_explicit_fk)
  File "/Library/Frameworks/Python.framework/Versions/3.3/lib/python3.3/site-packages/django/db/models/sql/query.py", line 1277, in names_to_path
    "Choices are: %s" % (name, ", ".join(available)))
django.core.exceptions.FieldError: Cannot resolve keyword 'info_icontains' into field. Choices are: amount, date, id, info, keyword, original_info, source_file
[17/Apr/2014 16:22:43] ERROR [django.request:226] Internal Server Error: /ozio/map_transaction/
Traceback (most recent call last):
  File "/Library/Frameworks/Python.framework/Versions/3.3/lib/python3.3/site-packages/django/db/models/options.py", line 371, in get_field_by_name
    return self._name_map[name]
KeyError: 'info_icontains'

During handling of the above exception, another exception occurred:

Traceback (most recent call last):
  File "/Library/Frameworks/Python.framework/Versions/3.3/lib/python3.3/site-packages/django/db/models/sql/query.py", line 1265, in names_to_path
    field, model, direct, m2m = opts.get_field_by_name(name)
  File "/Library/Frameworks/Python.framework/Versions/3.3/lib/python3.3/site-packages/django/db/models/options.py", line 377, in get_field_by_name
    % (self.object_name, name))
django.db.models.fields.FieldDoesNotExist: Transaction has no field named 'info_icontains'

During handling of the above exception, another exception occurred:

Traceback (most recent call last):
  File "/Library/Frameworks/Python.framework/Versions/3.3/lib/python3.3/site-packages/django/core/handlers/base.py", line 114, in get_response
    response = wrapped_callback(request, *callback_args, **callback_kwargs)
  File "/Users/edwin/Programming/git-repo/edhome/edhome/ozio/views.py", line 41, in ozio_map_transaction
    map_transactions()
  File "/Users/edwin/Programming/git-repo/edhome/edhome/ozio/ozioUtils.py", line 39, in map_transactions
    Q(info__icontains = lookfor_pattern) \
  File "/Library/Frameworks/Python.framework/Versions/3.3/lib/python3.3/site-packages/django/db/models/manager.py", line 163, in filter
    return self.get_queryset().filter(*args, **kwargs)
  File "/Library/Frameworks/Python.framework/Versions/3.3/lib/python3.3/site-packages/django/db/models/query.py", line 590, in filter
    return self._filter_or_exclude(False, *args, **kwargs)
  File "/Library/Frameworks/Python.framework/Versions/3.3/lib/python3.3/site-packages/django/db/models/query.py", line 608, in _filter_or_exclude
    clone.query.add_q(Q(*args, **kwargs))
  File "/Library/Frameworks/Python.framework/Versions/3.3/lib/python3.3/site-packages/django/db/models/sql/query.py", line 1198, in add_q
    clause = self._add_q(where_part, used_aliases)
  File "/Library/Frameworks/Python.framework/Versions/3.3/lib/python3.3/site-packages/django/db/models/sql/query.py", line 1230, in _add_q
    current_negated)
  File "/Library/Frameworks/Python.framework/Versions/3.3/lib/python3.3/site-packages/django/db/models/sql/query.py", line 1234, in _add_q
    current_negated=current_negated)
  File "/Library/Frameworks/Python.framework/Versions/3.3/lib/python3.3/site-packages/django/db/models/sql/query.py", line 1100, in build_filter
    allow_explicit_fk=True)
  File "/Library/Frameworks/Python.framework/Versions/3.3/lib/python3.3/site-packages/django/db/models/sql/query.py", line 1357, in setup_joins
    names, opts, allow_many, allow_explicit_fk)
  File "/Library/Frameworks/Python.framework/Versions/3.3/lib/python3.3/site-packages/django/db/models/sql/query.py", line 1277, in names_to_path
    "Choices are: %s" % (name, ", ".join(available)))
django.core.exceptions.FieldError: Cannot resolve keyword 'info_icontains' into field. Choices are: amount, date, id, info, keyword, original_info, source_file
[17/Apr/2014 16:22:45] ERROR [django.request:226] Internal Server Error: /ozio/map_transaction/
Traceback (most recent call last):
  File "/Library/Frameworks/Python.framework/Versions/3.3/lib/python3.3/site-packages/django/db/models/options.py", line 371, in get_field_by_name
    return self._name_map[name]
KeyError: 'info_icontains'

During handling of the above exception, another exception occurred:

Traceback (most recent call last):
  File "/Library/Frameworks/Python.framework/Versions/3.3/lib/python3.3/site-packages/django/db/models/sql/query.py", line 1265, in names_to_path
    field, model, direct, m2m = opts.get_field_by_name(name)
  File "/Library/Frameworks/Python.framework/Versions/3.3/lib/python3.3/site-packages/django/db/models/options.py", line 377, in get_field_by_name
    % (self.object_name, name))
django.db.models.fields.FieldDoesNotExist: Transaction has no field named 'info_icontains'

During handling of the above exception, another exception occurred:

Traceback (most recent call last):
  File "/Library/Frameworks/Python.framework/Versions/3.3/lib/python3.3/site-packages/django/core/handlers/base.py", line 114, in get_response
    response = wrapped_callback(request, *callback_args, **callback_kwargs)
  File "/Users/edwin/Programming/git-repo/edhome/edhome/ozio/views.py", line 41, in ozio_map_transaction
    map_transactions()
  File "/Users/edwin/Programming/git-repo/edhome/edhome/ozio/ozioUtils.py", line 25, in map_transactions
    internals = Transaction.objects.filter( Q(keyword__isnull = True) & \
  File "/Library/Frameworks/Python.framework/Versions/3.3/lib/python3.3/site-packages/django/db/models/manager.py", line 163, in filter
    return self.get_queryset().filter(*args, **kwargs)
  File "/Library/Frameworks/Python.framework/Versions/3.3/lib/python3.3/site-packages/django/db/models/query.py", line 590, in filter
    return self._filter_or_exclude(False, *args, **kwargs)
  File "/Library/Frameworks/Python.framework/Versions/3.3/lib/python3.3/site-packages/django/db/models/query.py", line 608, in _filter_or_exclude
    clone.query.add_q(Q(*args, **kwargs))
  File "/Library/Frameworks/Python.framework/Versions/3.3/lib/python3.3/site-packages/django/db/models/sql/query.py", line 1198, in add_q
    clause = self._add_q(where_part, used_aliases)
  File "/Library/Frameworks/Python.framework/Versions/3.3/lib/python3.3/site-packages/django/db/models/sql/query.py", line 1230, in _add_q
    current_negated)
  File "/Library/Frameworks/Python.framework/Versions/3.3/lib/python3.3/site-packages/django/db/models/sql/query.py", line 1234, in _add_q
    current_negated=current_negated)
  File "/Library/Frameworks/Python.framework/Versions/3.3/lib/python3.3/site-packages/django/db/models/sql/query.py", line 1100, in build_filter
    allow_explicit_fk=True)
  File "/Library/Frameworks/Python.framework/Versions/3.3/lib/python3.3/site-packages/django/db/models/sql/query.py", line 1357, in setup_joins
    names, opts, allow_many, allow_explicit_fk)
  File "/Library/Frameworks/Python.framework/Versions/3.3/lib/python3.3/site-packages/django/db/models/sql/query.py", line 1277, in names_to_path
    "Choices are: %s" % (name, ", ".join(available)))
django.core.exceptions.FieldError: Cannot resolve keyword 'info_icontains' into field. Choices are: amount, date, id, info, keyword, original_info, source_file
[17/Apr/2014 16:23:54] ERROR [django.request:226] Internal Server Error: /ozio/map_transaction/
Traceback (most recent call last):
  File "/Library/Frameworks/Python.framework/Versions/3.3/lib/python3.3/site-packages/django/core/handlers/base.py", line 114, in get_response
    response = wrapped_callback(request, *callback_args, **callback_kwargs)
  File "/Users/edwin/Programming/git-repo/edhome/edhome/ozio/views.py", line 41, in ozio_map_transaction
    map_transactions()
  File "/Users/edwin/Programming/git-repo/edhome/edhome/ozio/ozioUtils.py", line 46, in map_transactions
    logging.info("Paired: " + ',' + str(paired_internal.date) + ',' + str(paired_internal.amount) + ',' + str(paired_internal.info))
AttributeError: 'QuerySet' object has no attribute 'date'
[17/Apr/2014 16:45:19] ERROR [django.request:226] Internal Server Error: /API/keyword/1/
Traceback (most recent call last):
  File "/Library/Frameworks/Python.framework/Versions/3.3/lib/python3.3/site-packages/django/core/urlresolvers.py", line 339, in urlconf_module
    return self._urlconf_module
AttributeError: 'RegexURLResolver' object has no attribute '_urlconf_module'

During handling of the above exception, another exception occurred:

Traceback (most recent call last):
  File "/Library/Frameworks/Python.framework/Versions/3.3/lib/python3.3/site-packages/django/core/handlers/base.py", line 101, in get_response
    resolver_match = resolver.resolve(request.path_info)
  File "/Library/Frameworks/Python.framework/Versions/3.3/lib/python3.3/site-packages/django/core/urlresolvers.py", line 318, in resolve
    for pattern in self.url_patterns:
  File "/Library/Frameworks/Python.framework/Versions/3.3/lib/python3.3/site-packages/django/core/urlresolvers.py", line 346, in url_patterns
    patterns = getattr(self.urlconf_module, "urlpatterns", self.urlconf_module)
  File "/Library/Frameworks/Python.framework/Versions/3.3/lib/python3.3/site-packages/django/core/urlresolvers.py", line 341, in urlconf_module
    self._urlconf_module = import_module(self.urlconf_name)
  File "/Library/Frameworks/Python.framework/Versions/3.3/lib/python3.3/importlib/__init__.py", line 90, in import_module
    return _bootstrap._gcd_import(name[level:], package, level)
  File "<frozen importlib._bootstrap>", line 1584, in _gcd_import
  File "<frozen importlib._bootstrap>", line 1565, in _find_and_load
  File "<frozen importlib._bootstrap>", line 1532, in _find_and_load_unlocked
  File "<frozen importlib._bootstrap>", line 584, in _check_name_wrapper
  File "<frozen importlib._bootstrap>", line 1022, in load_module
  File "<frozen importlib._bootstrap>", line 1003, in load_module
  File "<frozen importlib._bootstrap>", line 560, in module_for_loader_wrapper
  File "<frozen importlib._bootstrap>", line 868, in _load_module
  File "<frozen importlib._bootstrap>", line 313, in _call_with_frames_removed
  File "/Users/edwin/Programming/git-repo/edhome/edhome/edhome/urls.py", line 31, in <module>
    url(r'^ozio/', include('ozio.urls', namespace='ozio')),
  File "/Library/Frameworks/Python.framework/Versions/3.3/lib/python3.3/site-packages/django/conf/urls/__init__.py", line 26, in include
    urlconf_module = import_module(urlconf_module)
  File "/Library/Frameworks/Python.framework/Versions/3.3/lib/python3.3/importlib/__init__.py", line 90, in import_module
    return _bootstrap._gcd_import(name[level:], package, level)
  File "<frozen importlib._bootstrap>", line 1584, in _gcd_import
  File "<frozen importlib._bootstrap>", line 1565, in _find_and_load
  File "<frozen importlib._bootstrap>", line 1532, in _find_and_load_unlocked
  File "<frozen importlib._bootstrap>", line 584, in _check_name_wrapper
  File "<frozen importlib._bootstrap>", line 1022, in load_module
  File "<frozen importlib._bootstrap>", line 1003, in load_module
  File "<frozen importlib._bootstrap>", line 560, in module_for_loader_wrapper
  File "<frozen importlib._bootstrap>", line 868, in _load_module
  File "<frozen importlib._bootstrap>", line 313, in _call_with_frames_removed
  File "/Users/edwin/Programming/git-repo/edhome/edhome/ozio/urls.py", line 3, in <module>
    from ozio import views
  File "/Users/edwin/Programming/git-repo/edhome/edhome/ozio/views.py", line 7, in <module>
    from ozio.forms import *
  File "/Users/edwin/Programming/git-repo/edhome/edhome/ozio/forms.py", line 42, in <module>
    class KeywordForm(forms.ModelForm):
  File "/Users/edwin/Programming/git-repo/edhome/edhome/ozio/forms.py", line 48, in KeywordForm
    sub_cate = forms.ModelChoiceField(queryset = SubCate.objects.filter(cate__exact = cate))
  File "/Library/Frameworks/Python.framework/Versions/3.3/lib/python3.3/site-packages/django/db/models/manager.py", line 163, in filter
    return self.get_queryset().filter(*args, **kwargs)
  File "/Library/Frameworks/Python.framework/Versions/3.3/lib/python3.3/site-packages/django/db/models/query.py", line 590, in filter
    return self._filter_or_exclude(False, *args, **kwargs)
  File "/Library/Frameworks/Python.framework/Versions/3.3/lib/python3.3/site-packages/django/db/models/query.py", line 608, in _filter_or_exclude
    clone.query.add_q(Q(*args, **kwargs))
  File "/Library/Frameworks/Python.framework/Versions/3.3/lib/python3.3/site-packages/django/db/models/sql/query.py", line 1198, in add_q
    clause = self._add_q(where_part, used_aliases)
  File "/Library/Frameworks/Python.framework/Versions/3.3/lib/python3.3/site-packages/django/db/models/sql/query.py", line 1234, in _add_q
    current_negated=current_negated)
  File "/Library/Frameworks/Python.framework/Versions/3.3/lib/python3.3/site-packages/django/db/models/sql/query.py", line 1122, in build_filter
    lookup_type, value)
  File "/Library/Frameworks/Python.framework/Versions/3.3/lib/python3.3/site-packages/django/db/models/fields/related.py", line 1105, in get_lookup_constraint
    value[index]), AND)
  File "/Library/Frameworks/Python.framework/Versions/3.3/lib/python3.3/site-packages/django/utils/tree.py", line 104, in add
    data = self._prepare_data(data)
  File "/Library/Frameworks/Python.framework/Versions/3.3/lib/python3.3/site-packages/django/db/models/sql/where.py", line 79, in _prepare_data
    value = obj.prepare(lookup_type, value)
  File "/Library/Frameworks/Python.framework/Versions/3.3/lib/python3.3/site-packages/django/db/models/sql/where.py", line 352, in prepare
    return self.field.get_prep_lookup(lookup_type, value)
  File "/Library/Frameworks/Python.framework/Versions/3.3/lib/python3.3/site-packages/django/db/models/fields/__init__.py", line 369, in get_prep_lookup
    return self.get_prep_value(value)
  File "/Library/Frameworks/Python.framework/Versions/3.3/lib/python3.3/site-packages/django/db/models/fields/__init__.py", line 613, in get_prep_value
    return int(value)
TypeError: int() argument must be a string or a number, not 'ModelChoiceField'
[17/Apr/2014 16:45:22] ERROR [django.request:226] Internal Server Error: /API/keyword/
Traceback (most recent call last):
  File "/Library/Frameworks/Python.framework/Versions/3.3/lib/python3.3/site-packages/django/core/urlresolvers.py", line 339, in urlconf_module
    return self._urlconf_module
AttributeError: 'RegexURLResolver' object has no attribute '_urlconf_module'

During handling of the above exception, another exception occurred:

Traceback (most recent call last):
  File "/Library/Frameworks/Python.framework/Versions/3.3/lib/python3.3/site-packages/django/core/handlers/base.py", line 101, in get_response
    resolver_match = resolver.resolve(request.path_info)
  File "/Library/Frameworks/Python.framework/Versions/3.3/lib/python3.3/site-packages/django/core/urlresolvers.py", line 318, in resolve
    for pattern in self.url_patterns:
  File "/Library/Frameworks/Python.framework/Versions/3.3/lib/python3.3/site-packages/django/core/urlresolvers.py", line 346, in url_patterns
    patterns = getattr(self.urlconf_module, "urlpatterns", self.urlconf_module)
  File "/Library/Frameworks/Python.framework/Versions/3.3/lib/python3.3/site-packages/django/core/urlresolvers.py", line 341, in urlconf_module
    self._urlconf_module = import_module(self.urlconf_name)
  File "/Library/Frameworks/Python.framework/Versions/3.3/lib/python3.3/importlib/__init__.py", line 90, in import_module
    return _bootstrap._gcd_import(name[level:], package, level)
  File "<frozen importlib._bootstrap>", line 1584, in _gcd_import
  File "<frozen importlib._bootstrap>", line 1565, in _find_and_load
  File "<frozen importlib._bootstrap>", line 1532, in _find_and_load_unlocked
  File "<frozen importlib._bootstrap>", line 584, in _check_name_wrapper
  File "<frozen importlib._bootstrap>", line 1022, in load_module
  File "<frozen importlib._bootstrap>", line 1003, in load_module
  File "<frozen importlib._bootstrap>", line 560, in module_for_loader_wrapper
  File "<frozen importlib._bootstrap>", line 868, in _load_module
  File "<frozen importlib._bootstrap>", line 313, in _call_with_frames_removed
  File "/Users/edwin/Programming/git-repo/edhome/edhome/edhome/urls.py", line 31, in <module>
    url(r'^ozio/', include('ozio.urls', namespace='ozio')),
  File "/Library/Frameworks/Python.framework/Versions/3.3/lib/python3.3/site-packages/django/conf/urls/__init__.py", line 26, in include
    urlconf_module = import_module(urlconf_module)
  File "/Library/Frameworks/Python.framework/Versions/3.3/lib/python3.3/importlib/__init__.py", line 90, in import_module
    return _bootstrap._gcd_import(name[level:], package, level)
  File "<frozen importlib._bootstrap>", line 1584, in _gcd_import
  File "<frozen importlib._bootstrap>", line 1565, in _find_and_load
  File "<frozen importlib._bootstrap>", line 1532, in _find_and_load_unlocked
  File "<frozen importlib._bootstrap>", line 584, in _check_name_wrapper
  File "<frozen importlib._bootstrap>", line 1022, in load_module
  File "<frozen importlib._bootstrap>", line 1003, in load_module
  File "<frozen importlib._bootstrap>", line 560, in module_for_loader_wrapper
  File "<frozen importlib._bootstrap>", line 868, in _load_module
  File "<frozen importlib._bootstrap>", line 313, in _call_with_frames_removed
  File "/Users/edwin/Programming/git-repo/edhome/edhome/ozio/urls.py", line 3, in <module>
    from ozio import views
  File "/Users/edwin/Programming/git-repo/edhome/edhome/ozio/views.py", line 7, in <module>
    from ozio.forms import *
  File "/Users/edwin/Programming/git-repo/edhome/edhome/ozio/forms.py", line 42, in <module>
    class KeywordForm(forms.ModelForm):
  File "/Users/edwin/Programming/git-repo/edhome/edhome/ozio/forms.py", line 48, in KeywordForm
    sub_cate = forms.ModelChoiceField(queryset = SubCate.objects.filter(cate__exact = cate))
  File "/Library/Frameworks/Python.framework/Versions/3.3/lib/python3.3/site-packages/django/db/models/manager.py", line 163, in filter
    return self.get_queryset().filter(*args, **kwargs)
  File "/Library/Frameworks/Python.framework/Versions/3.3/lib/python3.3/site-packages/django/db/models/query.py", line 590, in filter
    return self._filter_or_exclude(False, *args, **kwargs)
  File "/Library/Frameworks/Python.framework/Versions/3.3/lib/python3.3/site-packages/django/db/models/query.py", line 608, in _filter_or_exclude
    clone.query.add_q(Q(*args, **kwargs))
  File "/Library/Frameworks/Python.framework/Versions/3.3/lib/python3.3/site-packages/django/db/models/sql/query.py", line 1198, in add_q
    clause = self._add_q(where_part, used_aliases)
  File "/Library/Frameworks/Python.framework/Versions/3.3/lib/python3.3/site-packages/django/db/models/sql/query.py", line 1234, in _add_q
    current_negated=current_negated)
  File "/Library/Frameworks/Python.framework/Versions/3.3/lib/python3.3/site-packages/django/db/models/sql/query.py", line 1122, in build_filter
    lookup_type, value)
  File "/Library/Frameworks/Python.framework/Versions/3.3/lib/python3.3/site-packages/django/db/models/fields/related.py", line 1105, in get_lookup_constraint
    value[index]), AND)
  File "/Library/Frameworks/Python.framework/Versions/3.3/lib/python3.3/site-packages/django/utils/tree.py", line 104, in add
    data = self._prepare_data(data)
  File "/Library/Frameworks/Python.framework/Versions/3.3/lib/python3.3/site-packages/django/db/models/sql/where.py", line 79, in _prepare_data
    value = obj.prepare(lookup_type, value)
  File "/Library/Frameworks/Python.framework/Versions/3.3/lib/python3.3/site-packages/django/db/models/sql/where.py", line 352, in prepare
    return self.field.get_prep_lookup(lookup_type, value)
  File "/Library/Frameworks/Python.framework/Versions/3.3/lib/python3.3/site-packages/django/db/models/fields/__init__.py", line 369, in get_prep_lookup
    return self.get_prep_value(value)
  File "/Library/Frameworks/Python.framework/Versions/3.3/lib/python3.3/site-packages/django/db/models/fields/__init__.py", line 613, in get_prep_value
    return int(value)
TypeError: int() argument must be a string or a number, not 'ModelChoiceField'
[17/Apr/2014 16:51:00] ERROR [django.request:226] Internal Server Error: /API/keyword/
Traceback (most recent call last):
  File "/Library/Frameworks/Python.framework/Versions/3.3/lib/python3.3/site-packages/django/core/urlresolvers.py", line 339, in urlconf_module
    return self._urlconf_module
AttributeError: 'RegexURLResolver' object has no attribute '_urlconf_module'

During handling of the above exception, another exception occurred:

Traceback (most recent call last):
  File "/Library/Frameworks/Python.framework/Versions/3.3/lib/python3.3/site-packages/django/core/handlers/base.py", line 101, in get_response
    resolver_match = resolver.resolve(request.path_info)
  File "/Library/Frameworks/Python.framework/Versions/3.3/lib/python3.3/site-packages/django/core/urlresolvers.py", line 318, in resolve
    for pattern in self.url_patterns:
  File "/Library/Frameworks/Python.framework/Versions/3.3/lib/python3.3/site-packages/django/core/urlresolvers.py", line 346, in url_patterns
    patterns = getattr(self.urlconf_module, "urlpatterns", self.urlconf_module)
  File "/Library/Frameworks/Python.framework/Versions/3.3/lib/python3.3/site-packages/django/core/urlresolvers.py", line 341, in urlconf_module
    self._urlconf_module = import_module(self.urlconf_name)
  File "/Library/Frameworks/Python.framework/Versions/3.3/lib/python3.3/importlib/__init__.py", line 90, in import_module
    return _bootstrap._gcd_import(name[level:], package, level)
  File "<frozen importlib._bootstrap>", line 1584, in _gcd_import
  File "<frozen importlib._bootstrap>", line 1565, in _find_and_load
  File "<frozen importlib._bootstrap>", line 1532, in _find_and_load_unlocked
  File "<frozen importlib._bootstrap>", line 584, in _check_name_wrapper
  File "<frozen importlib._bootstrap>", line 1022, in load_module
  File "<frozen importlib._bootstrap>", line 1003, in load_module
  File "<frozen importlib._bootstrap>", line 560, in module_for_loader_wrapper
  File "<frozen importlib._bootstrap>", line 868, in _load_module
  File "<frozen importlib._bootstrap>", line 313, in _call_with_frames_removed
  File "/Users/edwin/Programming/git-repo/edhome/edhome/edhome/urls.py", line 31, in <module>
    url(r'^ozio/', include('ozio.urls', namespace='ozio')),
  File "/Library/Frameworks/Python.framework/Versions/3.3/lib/python3.3/site-packages/django/conf/urls/__init__.py", line 26, in include
    urlconf_module = import_module(urlconf_module)
  File "/Library/Frameworks/Python.framework/Versions/3.3/lib/python3.3/importlib/__init__.py", line 90, in import_module
    return _bootstrap._gcd_import(name[level:], package, level)
  File "<frozen importlib._bootstrap>", line 1584, in _gcd_import
  File "<frozen importlib._bootstrap>", line 1565, in _find_and_load
  File "<frozen importlib._bootstrap>", line 1532, in _find_and_load_unlocked
  File "<frozen importlib._bootstrap>", line 584, in _check_name_wrapper
  File "<frozen importlib._bootstrap>", line 1022, in load_module
  File "<frozen importlib._bootstrap>", line 1003, in load_module
  File "<frozen importlib._bootstrap>", line 560, in module_for_loader_wrapper
  File "<frozen importlib._bootstrap>", line 868, in _load_module
  File "<frozen importlib._bootstrap>", line 313, in _call_with_frames_removed
  File "/Users/edwin/Programming/git-repo/edhome/edhome/ozio/urls.py", line 3, in <module>
    from ozio import views
  File "/Users/edwin/Programming/git-repo/edhome/edhome/ozio/views.py", line 7, in <module>
    from ozio.forms import *
  File "/Users/edwin/Programming/git-repo/edhome/edhome/ozio/forms.py", line 42, in <module>
    class KeywordForm(forms.ModelForm):
  File "/Library/Frameworks/Python.framework/Versions/3.3/lib/python3.3/site-packages/django/forms/models.py", line 282, in __new__
    opts.help_texts, opts.error_messages)
  File "/Library/Frameworks/Python.framework/Versions/3.3/lib/python3.3/site-packages/django/forms/models.py", line 201, in fields_for_model
    formfield = f.formfield(**kwargs)
  File "/Library/Frameworks/Python.framework/Versions/3.3/lib/python3.3/site-packages/django/db/models/fields/related.py", line 1261, in formfield
    'queryset': self.rel.to._default_manager.using(db).complex_filter(self.rel.limit_choices_to),
  File "/Library/Frameworks/Python.framework/Versions/3.3/lib/python3.3/site-packages/django/db/models/query.py", line 626, in complex_filter
    return self._filter_or_exclude(None, **filter_obj)
  File "/Library/Frameworks/Python.framework/Versions/3.3/lib/python3.3/site-packages/django/db/models/query.py", line 608, in _filter_or_exclude
    clone.query.add_q(Q(*args, **kwargs))
  File "/Library/Frameworks/Python.framework/Versions/3.3/lib/python3.3/site-packages/django/db/models/sql/query.py", line 1198, in add_q
    clause = self._add_q(where_part, used_aliases)
  File "/Library/Frameworks/Python.framework/Versions/3.3/lib/python3.3/site-packages/django/db/models/sql/query.py", line 1234, in _add_q
    current_negated=current_negated)
  File "/Library/Frameworks/Python.framework/Versions/3.3/lib/python3.3/site-packages/django/db/models/sql/query.py", line 1122, in build_filter
    lookup_type, value)
  File "/Library/Frameworks/Python.framework/Versions/3.3/lib/python3.3/site-packages/django/db/models/fields/related.py", line 1105, in get_lookup_constraint
    value[index]), AND)
  File "/Library/Frameworks/Python.framework/Versions/3.3/lib/python3.3/site-packages/django/utils/tree.py", line 104, in add
    data = self._prepare_data(data)
  File "/Library/Frameworks/Python.framework/Versions/3.3/lib/python3.3/site-packages/django/db/models/sql/where.py", line 79, in _prepare_data
    value = obj.prepare(lookup_type, value)
  File "/Library/Frameworks/Python.framework/Versions/3.3/lib/python3.3/site-packages/django/db/models/sql/where.py", line 352, in prepare
    return self.field.get_prep_lookup(lookup_type, value)
  File "/Library/Frameworks/Python.framework/Versions/3.3/lib/python3.3/site-packages/django/db/models/fields/__init__.py", line 369, in get_prep_lookup
    return self.get_prep_value(value)
  File "/Library/Frameworks/Python.framework/Versions/3.3/lib/python3.3/site-packages/django/db/models/fields/__init__.py", line 613, in get_prep_value
    return int(value)
TypeError: int() argument must be a string or a number, not 'ForeignKey'
[17/Apr/2014 16:55:04] ERROR [django.request:226] Internal Server Error: /API/keyword/
Traceback (most recent call last):
  File "/Library/Frameworks/Python.framework/Versions/3.3/lib/python3.3/site-packages/django/core/urlresolvers.py", line 339, in urlconf_module
    return self._urlconf_module
AttributeError: 'RegexURLResolver' object has no attribute '_urlconf_module'

During handling of the above exception, another exception occurred:

Traceback (most recent call last):
  File "/Library/Frameworks/Python.framework/Versions/3.3/lib/python3.3/site-packages/django/core/handlers/base.py", line 101, in get_response
    resolver_match = resolver.resolve(request.path_info)
  File "/Library/Frameworks/Python.framework/Versions/3.3/lib/python3.3/site-packages/django/core/urlresolvers.py", line 318, in resolve
    for pattern in self.url_patterns:
  File "/Library/Frameworks/Python.framework/Versions/3.3/lib/python3.3/site-packages/django/core/urlresolvers.py", line 346, in url_patterns
    patterns = getattr(self.urlconf_module, "urlpatterns", self.urlconf_module)
  File "/Library/Frameworks/Python.framework/Versions/3.3/lib/python3.3/site-packages/django/core/urlresolvers.py", line 341, in urlconf_module
    self._urlconf_module = import_module(self.urlconf_name)
  File "/Library/Frameworks/Python.framework/Versions/3.3/lib/python3.3/importlib/__init__.py", line 90, in import_module
    return _bootstrap._gcd_import(name[level:], package, level)
  File "<frozen importlib._bootstrap>", line 1584, in _gcd_import
  File "<frozen importlib._bootstrap>", line 1565, in _find_and_load
  File "<frozen importlib._bootstrap>", line 1532, in _find_and_load_unlocked
  File "<frozen importlib._bootstrap>", line 584, in _check_name_wrapper
  File "<frozen importlib._bootstrap>", line 1022, in load_module
  File "<frozen importlib._bootstrap>", line 1003, in load_module
  File "<frozen importlib._bootstrap>", line 560, in module_for_loader_wrapper
  File "<frozen importlib._bootstrap>", line 868, in _load_module
  File "<frozen importlib._bootstrap>", line 313, in _call_with_frames_removed
  File "/Users/edwin/Programming/git-repo/edhome/edhome/edhome/urls.py", line 31, in <module>
    url(r'^ozio/', include('ozio.urls', namespace='ozio')),
  File "/Library/Frameworks/Python.framework/Versions/3.3/lib/python3.3/site-packages/django/conf/urls/__init__.py", line 26, in include
    urlconf_module = import_module(urlconf_module)
  File "/Library/Frameworks/Python.framework/Versions/3.3/lib/python3.3/importlib/__init__.py", line 90, in import_module
    return _bootstrap._gcd_import(name[level:], package, level)
  File "<frozen importlib._bootstrap>", line 1584, in _gcd_import
  File "<frozen importlib._bootstrap>", line 1565, in _find_and_load
  File "<frozen importlib._bootstrap>", line 1532, in _find_and_load_unlocked
  File "<frozen importlib._bootstrap>", line 584, in _check_name_wrapper
  File "<frozen importlib._bootstrap>", line 1022, in load_module
  File "<frozen importlib._bootstrap>", line 1003, in load_module
  File "<frozen importlib._bootstrap>", line 560, in module_for_loader_wrapper
  File "<frozen importlib._bootstrap>", line 868, in _load_module
  File "<frozen importlib._bootstrap>", line 313, in _call_with_frames_removed
  File "/Users/edwin/Programming/git-repo/edhome/edhome/ozio/urls.py", line 3, in <module>
    from ozio import views
  File "/Users/edwin/Programming/git-repo/edhome/edhome/ozio/views.py", line 7, in <module>
    from ozio.forms import *
  File "/Users/edwin/Programming/git-repo/edhome/edhome/ozio/forms.py", line 42, in <module>
    class KeywordForm(forms.ModelForm):
  File "/Library/Frameworks/Python.framework/Versions/3.3/lib/python3.3/site-packages/django/forms/models.py", line 282, in __new__
    opts.help_texts, opts.error_messages)
  File "/Library/Frameworks/Python.framework/Versions/3.3/lib/python3.3/site-packages/django/forms/models.py", line 201, in fields_for_model
    formfield = f.formfield(**kwargs)
  File "/Library/Frameworks/Python.framework/Versions/3.3/lib/python3.3/site-packages/django/db/models/fields/related.py", line 1261, in formfield
    'queryset': self.rel.to._default_manager.using(db).complex_filter(self.rel.limit_choices_to),
  File "/Library/Frameworks/Python.framework/Versions/3.3/lib/python3.3/site-packages/django/db/models/query.py", line 626, in complex_filter
    return self._filter_or_exclude(None, **filter_obj)
  File "/Library/Frameworks/Python.framework/Versions/3.3/lib/python3.3/site-packages/django/db/models/query.py", line 608, in _filter_or_exclude
    clone.query.add_q(Q(*args, **kwargs))
  File "/Library/Frameworks/Python.framework/Versions/3.3/lib/python3.3/site-packages/django/db/models/sql/query.py", line 1198, in add_q
    clause = self._add_q(where_part, used_aliases)
  File "/Library/Frameworks/Python.framework/Versions/3.3/lib/python3.3/site-packages/django/db/models/sql/query.py", line 1234, in _add_q
    current_negated=current_negated)
  File "/Library/Frameworks/Python.framework/Versions/3.3/lib/python3.3/site-packages/django/db/models/sql/query.py", line 1122, in build_filter
    lookup_type, value)
  File "/Library/Frameworks/Python.framework/Versions/3.3/lib/python3.3/site-packages/django/db/models/fields/related.py", line 1105, in get_lookup_constraint
    value[index]), AND)
  File "/Library/Frameworks/Python.framework/Versions/3.3/lib/python3.3/site-packages/django/utils/tree.py", line 104, in add
    data = self._prepare_data(data)
  File "/Library/Frameworks/Python.framework/Versions/3.3/lib/python3.3/site-packages/django/db/models/sql/where.py", line 79, in _prepare_data
    value = obj.prepare(lookup_type, value)
  File "/Library/Frameworks/Python.framework/Versions/3.3/lib/python3.3/site-packages/django/db/models/sql/where.py", line 352, in prepare
    return self.field.get_prep_lookup(lookup_type, value)
  File "/Library/Frameworks/Python.framework/Versions/3.3/lib/python3.3/site-packages/django/db/models/fields/__init__.py", line 369, in get_prep_lookup
    return self.get_prep_value(value)
  File "/Library/Frameworks/Python.framework/Versions/3.3/lib/python3.3/site-packages/django/db/models/fields/__init__.py", line 613, in get_prep_value
    return int(value)
TypeError: int() argument must be a string or a number, not 'ForeignKey'
[17/Apr/2014 16:56:52] ERROR [django.request:226] Internal Server Error: /API/keyword/
Traceback (most recent call last):
  File "/Library/Frameworks/Python.framework/Versions/3.3/lib/python3.3/site-packages/django/core/urlresolvers.py", line 339, in urlconf_module
    return self._urlconf_module
AttributeError: 'RegexURLResolver' object has no attribute '_urlconf_module'

During handling of the above exception, another exception occurred:

Traceback (most recent call last):
  File "/Library/Frameworks/Python.framework/Versions/3.3/lib/python3.3/site-packages/django/core/handlers/base.py", line 101, in get_response
    resolver_match = resolver.resolve(request.path_info)
  File "/Library/Frameworks/Python.framework/Versions/3.3/lib/python3.3/site-packages/django/core/urlresolvers.py", line 318, in resolve
    for pattern in self.url_patterns:
  File "/Library/Frameworks/Python.framework/Versions/3.3/lib/python3.3/site-packages/django/core/urlresolvers.py", line 346, in url_patterns
    patterns = getattr(self.urlconf_module, "urlpatterns", self.urlconf_module)
  File "/Library/Frameworks/Python.framework/Versions/3.3/lib/python3.3/site-packages/django/core/urlresolvers.py", line 341, in urlconf_module
    self._urlconf_module = import_module(self.urlconf_name)
  File "/Library/Frameworks/Python.framework/Versions/3.3/lib/python3.3/importlib/__init__.py", line 90, in import_module
    return _bootstrap._gcd_import(name[level:], package, level)
  File "<frozen importlib._bootstrap>", line 1584, in _gcd_import
  File "<frozen importlib._bootstrap>", line 1565, in _find_and_load
  File "<frozen importlib._bootstrap>", line 1532, in _find_and_load_unlocked
  File "<frozen importlib._bootstrap>", line 584, in _check_name_wrapper
  File "<frozen importlib._bootstrap>", line 1022, in load_module
  File "<frozen importlib._bootstrap>", line 1003, in load_module
  File "<frozen importlib._bootstrap>", line 560, in module_for_loader_wrapper
  File "<frozen importlib._bootstrap>", line 868, in _load_module
  File "<frozen importlib._bootstrap>", line 313, in _call_with_frames_removed
  File "/Users/edwin/Programming/git-repo/edhome/edhome/edhome/urls.py", line 31, in <module>
    url(r'^ozio/', include('ozio.urls', namespace='ozio')),
  File "/Library/Frameworks/Python.framework/Versions/3.3/lib/python3.3/site-packages/django/conf/urls/__init__.py", line 26, in include
    urlconf_module = import_module(urlconf_module)
  File "/Library/Frameworks/Python.framework/Versions/3.3/lib/python3.3/importlib/__init__.py", line 90, in import_module
    return _bootstrap._gcd_import(name[level:], package, level)
  File "<frozen importlib._bootstrap>", line 1584, in _gcd_import
  File "<frozen importlib._bootstrap>", line 1565, in _find_and_load
  File "<frozen importlib._bootstrap>", line 1532, in _find_and_load_unlocked
  File "<frozen importlib._bootstrap>", line 584, in _check_name_wrapper
  File "<frozen importlib._bootstrap>", line 1022, in load_module
  File "<frozen importlib._bootstrap>", line 1003, in load_module
  File "<frozen importlib._bootstrap>", line 560, in module_for_loader_wrapper
  File "<frozen importlib._bootstrap>", line 868, in _load_module
  File "<frozen importlib._bootstrap>", line 313, in _call_with_frames_removed
  File "/Users/edwin/Programming/git-repo/edhome/edhome/ozio/urls.py", line 3, in <module>
    from ozio import views
  File "/Users/edwin/Programming/git-repo/edhome/edhome/ozio/views.py", line 7, in <module>
    from ozio.forms import *
  File "/Users/edwin/Programming/git-repo/edhome/edhome/ozio/forms.py", line 42, in <module>
    class KeywordForm(forms.ModelForm):
  File "/Library/Frameworks/Python.framework/Versions/3.3/lib/python3.3/site-packages/django/forms/models.py", line 282, in __new__
    opts.help_texts, opts.error_messages)
  File "/Library/Frameworks/Python.framework/Versions/3.3/lib/python3.3/site-packages/django/forms/models.py", line 201, in fields_for_model
    formfield = f.formfield(**kwargs)
  File "/Library/Frameworks/Python.framework/Versions/3.3/lib/python3.3/site-packages/django/db/models/fields/related.py", line 1261, in formfield
    'queryset': self.rel.to._default_manager.using(db).complex_filter(self.rel.limit_choices_to),
  File "/Library/Frameworks/Python.framework/Versions/3.3/lib/python3.3/site-packages/django/db/models/query.py", line 623, in complex_filter
    clone.query.add_q(filter_obj)
  File "/Library/Frameworks/Python.framework/Versions/3.3/lib/python3.3/site-packages/django/db/models/sql/query.py", line 1198, in add_q
    clause = self._add_q(where_part, used_aliases)
  File "/Library/Frameworks/Python.framework/Versions/3.3/lib/python3.3/site-packages/django/db/models/sql/query.py", line 1234, in _add_q
    current_negated=current_negated)
  File "/Library/Frameworks/Python.framework/Versions/3.3/lib/python3.3/site-packages/django/db/models/sql/query.py", line 1122, in build_filter
    lookup_type, value)
  File "/Library/Frameworks/Python.framework/Versions/3.3/lib/python3.3/site-packages/django/db/models/fields/related.py", line 1105, in get_lookup_constraint
    value[index]), AND)
  File "/Library/Frameworks/Python.framework/Versions/3.3/lib/python3.3/site-packages/django/utils/tree.py", line 104, in add
    data = self._prepare_data(data)
  File "/Library/Frameworks/Python.framework/Versions/3.3/lib/python3.3/site-packages/django/db/models/sql/where.py", line 79, in _prepare_data
    value = obj.prepare(lookup_type, value)
  File "/Library/Frameworks/Python.framework/Versions/3.3/lib/python3.3/site-packages/django/db/models/sql/where.py", line 352, in prepare
    return self.field.get_prep_lookup(lookup_type, value)
  File "/Library/Frameworks/Python.framework/Versions/3.3/lib/python3.3/site-packages/django/db/models/fields/__init__.py", line 369, in get_prep_lookup
    return self.get_prep_value(value)
  File "/Library/Frameworks/Python.framework/Versions/3.3/lib/python3.3/site-packages/django/db/models/fields/__init__.py", line 613, in get_prep_value
    return int(value)
TypeError: int() argument must be a string or a number, not 'ForeignKey'
[17/Apr/2014 16:59:45] ERROR [django.request:226] Internal Server Error: /API/keyword/
Traceback (most recent call last):
  File "/Library/Frameworks/Python.framework/Versions/3.3/lib/python3.3/site-packages/django/core/urlresolvers.py", line 339, in urlconf_module
    return self._urlconf_module
AttributeError: 'RegexURLResolver' object has no attribute '_urlconf_module'

During handling of the above exception, another exception occurred:

Traceback (most recent call last):
  File "/Library/Frameworks/Python.framework/Versions/3.3/lib/python3.3/site-packages/django/core/handlers/base.py", line 101, in get_response
    resolver_match = resolver.resolve(request.path_info)
  File "/Library/Frameworks/Python.framework/Versions/3.3/lib/python3.3/site-packages/django/core/urlresolvers.py", line 318, in resolve
    for pattern in self.url_patterns:
  File "/Library/Frameworks/Python.framework/Versions/3.3/lib/python3.3/site-packages/django/core/urlresolvers.py", line 346, in url_patterns
    patterns = getattr(self.urlconf_module, "urlpatterns", self.urlconf_module)
  File "/Library/Frameworks/Python.framework/Versions/3.3/lib/python3.3/site-packages/django/core/urlresolvers.py", line 341, in urlconf_module
    self._urlconf_module = import_module(self.urlconf_name)
  File "/Library/Frameworks/Python.framework/Versions/3.3/lib/python3.3/importlib/__init__.py", line 90, in import_module
    return _bootstrap._gcd_import(name[level:], package, level)
  File "<frozen importlib._bootstrap>", line 1584, in _gcd_import
  File "<frozen importlib._bootstrap>", line 1565, in _find_and_load
  File "<frozen importlib._bootstrap>", line 1532, in _find_and_load_unlocked
  File "<frozen importlib._bootstrap>", line 584, in _check_name_wrapper
  File "<frozen importlib._bootstrap>", line 1022, in load_module
  File "<frozen importlib._bootstrap>", line 1003, in load_module
  File "<frozen importlib._bootstrap>", line 560, in module_for_loader_wrapper
  File "<frozen importlib._bootstrap>", line 868, in _load_module
  File "<frozen importlib._bootstrap>", line 313, in _call_with_frames_removed
  File "/Users/edwin/Programming/git-repo/edhome/edhome/edhome/urls.py", line 31, in <module>
    url(r'^ozio/', include('ozio.urls', namespace='ozio')),
  File "/Library/Frameworks/Python.framework/Versions/3.3/lib/python3.3/site-packages/django/conf/urls/__init__.py", line 26, in include
    urlconf_module = import_module(urlconf_module)
  File "/Library/Frameworks/Python.framework/Versions/3.3/lib/python3.3/importlib/__init__.py", line 90, in import_module
    return _bootstrap._gcd_import(name[level:], package, level)
  File "<frozen importlib._bootstrap>", line 1584, in _gcd_import
  File "<frozen importlib._bootstrap>", line 1565, in _find_and_load
  File "<frozen importlib._bootstrap>", line 1532, in _find_and_load_unlocked
  File "<frozen importlib._bootstrap>", line 584, in _check_name_wrapper
  File "<frozen importlib._bootstrap>", line 1022, in load_module
  File "<frozen importlib._bootstrap>", line 1003, in load_module
  File "<frozen importlib._bootstrap>", line 560, in module_for_loader_wrapper
  File "<frozen importlib._bootstrap>", line 868, in _load_module
  File "<frozen importlib._bootstrap>", line 313, in _call_with_frames_removed
  File "/Users/edwin/Programming/git-repo/edhome/edhome/ozio/urls.py", line 3, in <module>
    from ozio import views
  File "/Users/edwin/Programming/git-repo/edhome/edhome/ozio/views.py", line 7, in <module>
    from ozio.forms import *
  File "/Users/edwin/Programming/git-repo/edhome/edhome/ozio/forms.py", line 42, in <module>
    class KeywordForm(forms.ModelForm):
  File "/Library/Frameworks/Python.framework/Versions/3.3/lib/python3.3/site-packages/django/forms/models.py", line 282, in __new__
    opts.help_texts, opts.error_messages)
  File "/Library/Frameworks/Python.framework/Versions/3.3/lib/python3.3/site-packages/django/forms/models.py", line 201, in fields_for_model
    formfield = f.formfield(**kwargs)
  File "/Library/Frameworks/Python.framework/Versions/3.3/lib/python3.3/site-packages/django/db/models/fields/related.py", line 1261, in formfield
    'queryset': self.rel.to._default_manager.using(db).complex_filter(self.rel.limit_choices_to),
  File "/Library/Frameworks/Python.framework/Versions/3.3/lib/python3.3/site-packages/django/db/models/query.py", line 626, in complex_filter
    return self._filter_or_exclude(None, **filter_obj)
  File "/Library/Frameworks/Python.framework/Versions/3.3/lib/python3.3/site-packages/django/db/models/query.py", line 608, in _filter_or_exclude
    clone.query.add_q(Q(*args, **kwargs))
  File "/Library/Frameworks/Python.framework/Versions/3.3/lib/python3.3/site-packages/django/db/models/sql/query.py", line 1198, in add_q
    clause = self._add_q(where_part, used_aliases)
  File "/Library/Frameworks/Python.framework/Versions/3.3/lib/python3.3/site-packages/django/db/models/sql/query.py", line 1234, in _add_q
    current_negated=current_negated)
  File "/Library/Frameworks/Python.framework/Versions/3.3/lib/python3.3/site-packages/django/db/models/sql/query.py", line 1122, in build_filter
    lookup_type, value)
  File "/Library/Frameworks/Python.framework/Versions/3.3/lib/python3.3/site-packages/django/db/models/fields/related.py", line 1105, in get_lookup_constraint
    value[index]), AND)
  File "/Library/Frameworks/Python.framework/Versions/3.3/lib/python3.3/site-packages/django/utils/tree.py", line 104, in add
    data = self._prepare_data(data)
  File "/Library/Frameworks/Python.framework/Versions/3.3/lib/python3.3/site-packages/django/db/models/sql/where.py", line 79, in _prepare_data
    value = obj.prepare(lookup_type, value)
  File "/Library/Frameworks/Python.framework/Versions/3.3/lib/python3.3/site-packages/django/db/models/sql/where.py", line 352, in prepare
    return self.field.get_prep_lookup(lookup_type, value)
  File "/Library/Frameworks/Python.framework/Versions/3.3/lib/python3.3/site-packages/django/db/models/fields/__init__.py", line 369, in get_prep_lookup
    return self.get_prep_value(value)
  File "/Library/Frameworks/Python.framework/Versions/3.3/lib/python3.3/site-packages/django/db/models/fields/__init__.py", line 613, in get_prep_value
    return int(value)
TypeError: int() argument must be a string or a number, not 'ForeignKey'
